#
# There is insufficient memory for the Java Runtime Environment to continue.
# Native memory allocation (mmap) failed to map 255852544 bytes for committing reserved memory.
# Possible reasons:
#   The system is out of physical RAM or swap space
#   In 32 bit mode, the process size limit was hit
# Possible solutions:
#   Reduce memory load on the system
#   Increase physical memory or swap space
#   Check if swap backing store is full
#   Use 64 bit Java on a 64 bit OS
#   Decrease Java heap size (-Xmx/-Xms)
#   Decrease number of Java threads
#   Decrease Java thread stack sizes (-Xss)
#   Set larger code cache with -XX:ReservedCodeCacheSize=
# This output file may be truncated or incomplete.
#
#  Out of Memory Error (os_linux.cpp:2640), pid=3985, tid=0x00007ff944afa700
#
# JRE version: OpenJDK Runtime Environment (8.0_152) (build 1.8.0_152-release-1343-b16-5323222)
# Java VM: OpenJDK 64-Bit Server VM (25.152-b16-5323222 mixed mode linux-amd64 compressed oops)
# Failed to write core dump. Core dumps have been disabled. To enable core dumping, try "ulimit -c unlimited" before starting Java again
#

---------------  T H R E A D  ---------------

Current thread (0x00007ff95807a000):  VMThread [stack: 0x00007ff9449fb000,0x00007ff944afb000] [id=3993]

Stack: [0x00007ff9449fb000,0x00007ff944afb000],  sp=0x00007ff944af9500,  free space=1017k
Native frames: (J=compiled Java code, j=interpreted, Vv=VM code, C=native code)
V  [libjvm.so+0x9ffc88]  VMError::report_and_die()+0x148
V  [libjvm.so+0x4ce9aa]  report_vm_out_of_memory(char const*, int, unsigned long, VMErrorType, char const*)+0x8a
V  [libjvm.so+0x8673d8]  os::pd_commit_memory(char*, unsigned long, unsigned long, bool)+0xd8
V  [libjvm.so+0x86201f]  os::commit_memory(char*, unsigned long, unsigned long, bool)+0x1f
V  [libjvm.so+0x8d839b]  PSVirtualSpace::expand_by(unsigned long)+0x5b
V  [libjvm.so+0x8c91fb]  PSOldGen::expand_by(unsigned long) [clone .part.109]+0x1b
V  [libjvm.so+0x8c93bb]  PSOldGen::expand(unsigned long) [clone .part.111]+0xdb
V  [libjvm.so+0x8c9c98]  PSOldGen::resize(unsigned long)+0x188
V  [libjvm.so+0x8cf27c]  PSParallelCompact::invoke_no_policy(bool)+0x94c
V  [libjvm.so+0x8d633d]  PSScavenge::invoke()+0x17d
V  [libjvm.so+0x88a7e3]  ParallelScavengeHeap::failed_mem_allocate(unsigned long)+0x63
V  [libjvm.so+0xa01754]  VM_ParallelGCFailedAllocation::doit()+0x84
V  [libjvm.so+0xa05bf7]  VM_Operation::evaluate()+0x47
V  [libjvm.so+0xa04658]  VMThread::evaluate_operation(VM_Operation*)+0x2c8
V  [libjvm.so+0xa04ab1]  VMThread::loop()+0x1f1
V  [libjvm.so+0xa04ee2]  VMThread::run()+0x72
V  [libjvm.so+0x864822]  java_start(Thread*)+0xf2

VM_Operation (0x00007ff92f2f2ec0): ParallelGCFailedAllocation, mode: safepoint, requested by thread 0x00007ff904008000


---------------  P R O C E S S  ---------------

Java Threads: ( => current thread )
  0x00007ff8fc868000 JavaThread "RMI RenewClean-[127.0.0.1:33491,org.jetbrains.kotlin.daemon.common.LoopbackNetworkInterface$ClientLoopbackSocketFactory@6ab314a4]" daemon [_thread_blocked, id=9529, stack(0x00007ff92cba8000,0x00007ff92cca9000)]
  0x00007ff904008000 JavaThread "RMI TCP Connection(32)-127.0.0.1" daemon [_thread_blocked, id=9528, stack(0x00007ff92f1f7000,0x00007ff92f2f8000)]
  0x00007ff8e8006000 JavaThread "RMI RenewClean-[127.0.0.1:33491,org.jetbrains.kotlin.daemon.common.LoopbackNetworkInterface$ClientLoopbackSocketFactory@7d5447f7]" daemon [_thread_blocked, id=9522, stack(0x00007ff92eaf2000,0x00007ff92ebf3000)]
  0x00007ff904005000 JavaThread "RMI TCP Connection(31)-127.0.0.1" daemon [_thread_in_native, id=9520, stack(0x00007ff92cca9000,0x00007ff92cdaa000)]
  0x00007ff904003800 JavaThread "RMI TCP Connection(30)-127.0.0.1" daemon [_thread_in_native, id=9518, stack(0x00007ff92d9b5000,0x00007ff92dab6000)]
  0x00007ff8dc057000 JavaThread "RMI RenewClean-[127.0.0.1:39549,org.jetbrains.kotlin.daemon.common.LoopbackNetworkInterface$ClientLoopbackSocketFactory@300fa1cf]" daemon [_thread_blocked, id=8583, stack(0x00007ff8e38ff000,0x00007ff8e3a00000)]
  0x00007ff8f8011000 JavaThread "RMI Scheduler(0)" daemon [_thread_blocked, id=4010, stack(0x00007ff92ebf3000,0x00007ff92ecf4000)]
  0x00007ff95800c800 JavaThread "DestroyJavaVM" [_thread_blocked, id=3988, stack(0x00007ff9611b5000,0x00007ff9612b5000)]
  0x00007ff95839f000 JavaThread "GC Daemon" daemon [_thread_blocked, id=4006, stack(0x00007ff92eff5000,0x00007ff92f0f6000)]
  0x00007ff9583a1000 JavaThread "RMI Reaper" [_thread_blocked, id=4005, stack(0x00007ff92f0f6000,0x00007ff92f1f7000)]
  0x00007ff95836c800 JavaThread "Timer-0" daemon [_thread_blocked, id=4003, stack(0x00007ff92f2f8000,0x00007ff92f3f9000)]
  0x00007ff958369000 JavaThread "RMI TCP Accept-17472" daemon [_thread_in_native, id=4002, stack(0x00007ff92f3f9000,0x00007ff92f4fa000)]
  0x00007ff9580ca000 JavaThread "Service Thread" daemon [_thread_blocked, id=4000, stack(0x00007ff9442f3000,0x00007ff9443f4000)]
  0x00007ff9580bf000 JavaThread "C1 CompilerThread2" daemon [_thread_blocked, id=3999, stack(0x00007ff9443f5000,0x00007ff9444f5000)]
  0x00007ff9580bd800 JavaThread "C2 CompilerThread1" daemon [_thread_blocked, id=3998, stack(0x00007ff9444f6000,0x00007ff9445f6000)]
  0x00007ff9580ba800 JavaThread "C2 CompilerThread0" daemon [_thread_blocked, id=3997, stack(0x00007ff9445f7000,0x00007ff9446f7000)]
  0x00007ff9580b9000 JavaThread "Signal Dispatcher" daemon [_thread_blocked, id=3996, stack(0x00007ff9446f7000,0x00007ff9447f8000)]
  0x00007ff958086000 JavaThread "Finalizer" daemon [_thread_blocked, id=3995, stack(0x00007ff9447f8000,0x00007ff9448f9000)]
  0x00007ff958081800 JavaThread "Reference Handler" daemon [_thread_blocked, id=3994, stack(0x00007ff9448f9000,0x00007ff9449fa000)]

Other Threads:
=>0x00007ff95807a000 VMThread [stack: 0x00007ff9449fb000,0x00007ff944afb000] [id=3993]
  0x00007ff9580cc800 WatcherThread [stack: 0x00007ff9441f3000,0x00007ff9442f3000] [id=4001]

VM state:at safepoint (normal execution)

VM Mutex/Monitor currently owned by a thread:  ([mutex/lock_event])
[0x00007ff958008570] ExpandHeap_lock - owner thread: 0x00007ff95807a000
[0x00007ff958008bf0] Threads_lock - owner thread: 0x00007ff95807a000
[0x00007ff9580090f0] Heap_lock - owner thread: 0x00007ff904008000

Heap:
 PSYoungGen      total 542720K, used 0K [0x00000000d5580000, 0x0000000100000000, 0x0000000100000000)
  eden space 403456K, 0% used [0x00000000d5580000,0x00000000d5580000,0x00000000edf80000)
  from space 139264K, 0% used [0x00000000f6f80000,0x00000000f6f80000,0x00000000ff780000)
  to   space 147456K, 0% used [0x00000000edf80000,0x00000000edf80000,0x00000000f6f80000)
 ParOldGen       total 414208K, used 337501K [0x0000000080000000, 0x0000000099480000, 0x00000000d5580000)
  object space 414208K, 81% used [0x0000000080000000,0x0000000094997708,0x0000000099480000)
 Metaspace       used 94873K, capacity 97560K, committed 98176K, reserved 1136640K
  class space    used 10724K, capacity 11301K, committed 11392K, reserved 1048576K

Card table byte_map: [0x00007ff95e036000,0x00007ff95e437000] byte_map_base: 0x00007ff95dc36000

Marking Bits: (ParMarkBitMap*) 0x00007ff95ff3df00
 Begin Bits: [0x00007ff945000000, 0x00007ff947000000)
 End Bits:   [0x00007ff947000000, 0x00007ff949000000)

Polling page: 0x00007ff9612d5000

CodeCache: size=245760Kb used=75461Kb max_used=75489Kb free=170298Kb
 bounds [0x00007ff949000000, 0x00007ff94da20000, 0x00007ff958000000]
 total_blobs=20806 nmethods=20214 adapters=501
 compilation: enabled

Compilation events (10 events):
Event: 9712.317 Thread 0x00007ff9580bf000 nmethod 29582 0x00007ff94d9fc850 code [0x00007ff94d9fca80, 0x00007ff94d9fd6e8]
Event: 9712.317 Thread 0x00007ff9580bf000 29572       3       com.google.gson.internal.Excluder::excludeClass (129 bytes)
Event: 9712.322 Thread 0x00007ff9580bf000 nmethod 29572 0x00007ff94da02650 code [0x00007ff94da02ac0, 0x00007ff94da054e8]
Event: 9712.322 Thread 0x00007ff9580bf000 29573       3       com.google.gson.internal.$Gson$Types::getGenericSupertype (135 bytes)
Event: 9712.322 Thread 0x00007ff9580ba800 nmethod 29580 0x00007ff94da068d0 code [0x00007ff94da06c60, 0x00007ff94da078d0]
Event: 9712.326 Thread 0x00007ff9580bf000 nmethod 29573 0x00007ff94da08610 code [0x00007ff94da08920, 0x00007ff94da09e18]
Event: 9712.384 Thread 0x00007ff9580bd800 29586 %     4       android.databinding.tool.reflection.SdkUtil$ApiChecker::buildFullLookup @ 42 (252 bytes)
Event: 9712.442 Thread 0x00007ff9580bf000 29587       3       com.sun.tools.javac.processing.JavacProcessingEnvironment$1::visitAssignop (11 bytes)
Event: 9712.443 Thread 0x00007ff9580bf000 nmethod 29587 0x00007ff94da01ad0 code [0x00007ff94da01c80, 0x00007ff94da022d8]
Event: 9712.588 Thread 0x00007ff9580bd800 nmethod 29586% 0x00007ff94da11710 code [0x00007ff94da11ca0, 0x00007ff94da15fa8]

GC Heap History (10 events):
Event: 9702.517 GC heap after
Heap after GC invocations=52 (full 12):
 PSYoungGen      total 550400K, used 80781K [0x00000000d5580000, 0x00000000ff980000, 0x0000000100000000)
  eden space 414720K, 0% used [0x00000000d5580000,0x00000000d5580000,0x00000000eea80000)
  from space 135680K, 59% used [0x00000000f7500000,0x00000000fc3e3498,0x00000000ff980000)
  to   space 138752K, 0% used [0x00000000eea80000,0x00000000eea80000,0x00000000f7200000)
 ParOldGen       total 414208K, used 88478K [0x0000000080000000, 0x0000000099480000, 0x00000000d5580000)
  object space 414208K, 21% used [0x0000000080000000,0x0000000085667b48,0x0000000099480000)
 Metaspace       used 89442K, capacity 91972K, committed 96256K, reserved 1134592K
  class space    used 10099K, capacity 10689K, committed 11264K, reserved 1048576K
}
Event: 9706.558 GC heap before
{Heap before GC invocations=53 (full 12):
 PSYoungGen      total 550400K, used 495501K [0x00000000d5580000, 0x00000000ff980000, 0x0000000100000000)
  eden space 414720K, 100% used [0x00000000d5580000,0x00000000eea80000,0x00000000eea80000)
  from space 135680K, 59% used [0x00000000f7500000,0x00000000fc3e3498,0x00000000ff980000)
  to   space 138752K, 0% used [0x00000000eea80000,0x00000000eea80000,0x00000000f7200000)
 ParOldGen       total 414208K, used 88478K [0x0000000080000000, 0x0000000099480000, 0x00000000d5580000)
  object space 414208K, 21% used [0x0000000080000000,0x0000000085667b48,0x0000000099480000)
 Metaspace       used 90793K, capacity 93486K, committed 96256K, reserved 1134592K
  class space    used 10219K, capacity 10834K, committed 11264K, reserved 1048576K
Event: 9707.633 GC heap after
Heap after GC invocations=53 (full 12):
 PSYoungGen      total 522240K, used 107086K [0x00000000d5580000, 0x0000000100000000, 0x0000000100000000)
  eden space 414720K, 0% used [0x00000000d5580000,0x00000000d5580000,0x00000000eea80000)
  from space 107520K, 99% used [0x00000000eea80000,0x00000000f5313b60,0x00000000f5380000)
  to   space 145920K, 0% used [0x00000000f7180000,0x00000000f7180000,0x0000000100000000)
 ParOldGen       total 414208K, used 110701K [0x0000000080000000, 0x0000000099480000, 0x00000000d5580000)
  object space 414208K, 26% used [0x0000000080000000,0x0000000086c1b5f0,0x0000000099480000)
 Metaspace       used 90793K, capacity 93486K, committed 96256K, reserved 1134592K
  class space    used 10219K, capacity 10834K, committed 11264K, reserved 1048576K
}
Event: 9708.902 GC heap before
{Heap before GC invocations=54 (full 12):
 PSYoungGen      total 522240K, used 521806K [0x00000000d5580000, 0x0000000100000000, 0x0000000100000000)
  eden space 414720K, 100% used [0x00000000d5580000,0x00000000eea80000,0x00000000eea80000)
  from space 107520K, 99% used [0x00000000eea80000,0x00000000f5313b60,0x00000000f5380000)
  to   space 145920K, 0% used [0x00000000f7180000,0x00000000f7180000,0x0000000100000000)
 ParOldGen       total 414208K, used 110701K [0x0000000080000000, 0x0000000099480000, 0x00000000d5580000)
  object space 414208K, 26% used [0x0000000080000000,0x0000000086c1b5f0,0x0000000099480000)
 Metaspace       used 90876K, capacity 93550K, committed 96256K, reserved 1134592K
  class space    used 10227K, capacity 10834K, committed 11264K, reserved 1048576K
Event: 9709.197 GC heap after
Heap after GC invocations=54 (full 12):
 PSYoungGen      total 557568K, used 57758K [0x00000000d5580000, 0x0000000100000000, 0x0000000100000000)
  eden space 411648K, 0% used [0x00000000d5580000,0x00000000d5580000,0x00000000ee780000)
  from space 145920K, 39% used [0x00000000f7180000,0x00000000fa9e7ac0,0x0000000100000000)
  to   space 141312K, 0% used [0x00000000ee780000,0x00000000ee780000,0x00000000f7180000)
 ParOldGen       total 414208K, used 214019K [0x0000000080000000, 0x0000000099480000, 0x00000000d5580000)
  object space 414208K, 51% used [0x0000000080000000,0x000000008d100e60,0x0000000099480000)
 Metaspace       used 90876K, capacity 93550K, committed 96256K, reserved 1134592K
  class space    used 10227K, capacity 10834K, committed 11264K, reserved 1048576K
}
Event: 9709.636 GC heap before
{Heap before GC invocations=55 (full 12):
 PSYoungGen      total 557568K, used 469406K [0x00000000d5580000, 0x0000000100000000, 0x0000000100000000)
  eden space 411648K, 100% used [0x00000000d5580000,0x00000000ee780000,0x00000000ee780000)
  from space 145920K, 39% used [0x00000000f7180000,0x00000000fa9e7ac0,0x0000000100000000)
  to   space 141312K, 0% used [0x00000000ee780000,0x00000000ee780000,0x00000000f7180000)
 ParOldGen       total 414208K, used 214019K [0x0000000080000000, 0x0000000099480000, 0x00000000d5580000)
  object space 414208K, 51% used [0x0000000080000000,0x000000008d100e60,0x0000000099480000)
 Metaspace       used 90877K, capacity 93550K, committed 96256K, reserved 1134592K
  class space    used 10227K, capacity 10834K, committed 11264K, reserved 1048576K
Event: 9709.966 GC heap after
Heap after GC invocations=55 (full 12):
 PSYoungGen      total 455168K, used 43456K [0x00000000d5580000, 0x00000000ff780000, 0x0000000100000000)
  eden space 411648K, 0% used [0x00000000d5580000,0x00000000d5580000,0x00000000ee780000)
  from space 43520K, 99% used [0x00000000ee780000,0x00000000f11f0010,0x00000000f1200000)
  to   space 139264K, 0% used [0x00000000f6f80000,0x00000000f6f80000,0x00000000ff780000)
 ParOldGen       total 414208K, used 271378K [0x0000000080000000, 0x0000000099480000, 0x00000000d5580000)
  object space 414208K, 65% used [0x0000000080000000,0x0000000090904b60,0x0000000099480000)
 Metaspace       used 90877K, capacity 93550K, committed 96256K, reserved 1134592K
  class space    used 10227K, capacity 10834K, committed 11264K, reserved 1048576K
}
Event: 9712.697 GC heap before
{Heap before GC invocations=56 (full 12):
 PSYoungGen      total 455168K, used 455104K [0x00000000d5580000, 0x00000000ff780000, 0x0000000100000000)
  eden space 411648K, 100% used [0x00000000d5580000,0x00000000ee780000,0x00000000ee780000)
  from space 43520K, 99% used [0x00000000ee780000,0x00000000f11f0010,0x00000000f1200000)
  to   space 139264K, 0% used [0x00000000f6f80000,0x00000000f6f80000,0x00000000ff780000)
 ParOldGen       total 414208K, used 271378K [0x0000000080000000, 0x0000000099480000, 0x00000000d5580000)
  object space 414208K, 65% used [0x0000000080000000,0x0000000090904b60,0x0000000099480000)
 Metaspace       used 95236K, capacity 97970K, committed 98176K, reserved 1136640K
  class space    used 10766K, capacity 11374K, committed 11392K, reserved 1048576K
Event: 9713.626 GC heap after
Heap after GC invocations=56 (full 12):
 PSYoungGen      total 542720K, used 110473K [0x00000000d5580000, 0x0000000100000000, 0x0000000100000000)
  eden space 403456K, 0% used [0x00000000d5580000,0x00000000d5580000,0x00000000edf80000)
  from space 139264K, 79% used [0x00000000f6f80000,0x00000000fdb624e8,0x00000000ff780000)
  to   space 147456K, 0% used [0x00000000edf80000,0x00000000edf80000,0x00000000f6f80000)
 ParOldGen       total 414208K, used 314882K [0x0000000080000000, 0x0000000099480000, 0x00000000d5580000)
  object space 414208K, 76% used [0x0000000080000000,0x0000000093380b70,0x0000000099480000)
 Metaspace       used 95236K, capacity 97970K, committed 98176K, reserved 1136640K
  class space    used 10766K, capacity 11374K, committed 11392K, reserved 1048576K
}
Event: 9713.627 GC heap before
{Heap before GC invocations=57 (full 13):
 PSYoungGen      total 542720K, used 110473K [0x00000000d5580000, 0x0000000100000000, 0x0000000100000000)
  eden space 403456K, 0% used [0x00000000d5580000,0x00000000d5580000,0x00000000edf80000)
  from space 139264K, 79% used [0x00000000f6f80000,0x00000000fdb624e8,0x00000000ff780000)
  to   space 147456K, 0% used [0x00000000edf80000,0x00000000edf80000,0x00000000f6f80000)
 ParOldGen       total 414208K, used 314882K [0x0000000080000000, 0x0000000099480000, 0x00000000d5580000)
  object space 414208K, 76% used [0x0000000080000000,0x0000000093380b70,0x0000000099480000)
 Metaspace       used 95236K, capacity 97970K, committed 98176K, reserved 1136640K
  class space    used 10766K, capacity 11374K, committed 11392K, reserved 1048576K

Deoptimization events (10 events):
Event: 9711.757 Thread 0x00007ff904008000 Uncommon trap: reason=class_check action=maybe_recompile pc=0x00007ff94d8ab190 method=com.squareup.javapoet.CodeBlock$Builder.argToName(Ljava/lang/Object;)Ljava/lang/String; @ 1
Event: 9711.757 Thread 0x00007ff904008000 Uncommon trap: reason=class_check action=maybe_recompile pc=0x00007ff94d8ab190 method=com.squareup.javapoet.CodeBlock$Builder.argToName(Ljava/lang/Object;)Ljava/lang/String; @ 1
Event: 9711.757 Thread 0x00007ff904008000 Uncommon trap: reason=class_check action=maybe_recompile pc=0x00007ff94d8ab190 method=com.squareup.javapoet.CodeBlock$Builder.argToName(Ljava/lang/Object;)Ljava/lang/String; @ 1
Event: 9711.758 Thread 0x00007ff904008000 Uncommon trap: reason=class_check action=maybe_recompile pc=0x00007ff94d8ab190 method=com.squareup.javapoet.CodeBlock$Builder.argToName(Ljava/lang/Object;)Ljava/lang/String; @ 1
Event: 9711.759 Thread 0x00007ff904008000 Uncommon trap: reason=speculate_class_check action=maybe_recompile pc=0x00007ff94d8099c4 method=java.util.ArrayList.<init>(Ljava/util/Collection;)V @ 36
Event: 9711.759 Thread 0x00007ff904008000 Uncommon trap: reason=speculate_class_check action=maybe_recompile pc=0x00007ff94d8099c4 method=java.util.ArrayList.<init>(Ljava/util/Collection;)V @ 36
Event: 9711.761 Thread 0x00007ff904008000 Uncommon trap: reason=unstable_if action=reinterpret pc=0x00007ff94d8d6200 method=com.squareup.javapoet.CodeWriter.resolve(Ljava/lang/String;)Lcom/squareup/javapoet/ClassName; @ 48
Event: 9712.307 Thread 0x00007ff904008000 Uncommon trap: reason=class_check action=maybe_recompile pc=0x00007ff94d901020 method=java.util.TreeMap.getEntry(Ljava/lang/Object;)Ljava/util/TreeMap$Entry; @ 26
Event: 9712.308 Thread 0x00007ff904008000 Uncommon trap: reason=class_check action=maybe_recompile pc=0x00007ff94d901020 method=java.util.TreeMap.getEntry(Ljava/lang/Object;)Ljava/util/TreeMap$Entry; @ 26
Event: 9712.434 Thread 0x00007ff904008000 Uncommon trap: reason=unstable_if action=reinterpret pc=0x00007ff94d91dbc4 method=android.databinding.tool.reflection.SdkUtil$ApiChecker.buildFullLookup()V @ 49

Classes redefined (0 events):
No events

Internal exceptions (10 events):
Event: 9704.014 Thread 0x00007ff904005000 Exception <a 'java/io/FileNotFoundException'> (0x00000000d8ed4af8) thrown at [/buildbot/src/googleplex-android/openjdk/out/hotspot/src/share/vm/prims/jni.cpp, line 709]
Event: 9704.052 Thread 0x00007ff904005000 Exception <a 'java/io/FileNotFoundException'> (0x00000000d915f410) thrown at [/buildbot/src/googleplex-android/openjdk/out/hotspot/src/share/vm/prims/jni.cpp, line 709]
Event: 9704.052 Thread 0x00007ff904005000 Exception <a 'sun/nio/fs/UnixException'> (0x00000000d9160f90) thrown at [/buildbot/src/googleplex-android/openjdk/out/hotspot/src/share/vm/prims/jni.cpp, line 709]
Event: 9704.053 Thread 0x00007ff904005000 Exception <a 'sun/nio/fs/UnixException'> (0x00000000d9166688) thrown at [/buildbot/src/googleplex-android/openjdk/out/hotspot/src/share/vm/prims/jni.cpp, line 709]
Event: 9704.053 Thread 0x00007ff904005000 Exception <a 'java/io/FileNotFoundException'> (0x00000000d9168330) thrown at [/buildbot/src/googleplex-android/openjdk/out/hotspot/src/share/vm/prims/jni.cpp, line 709]
Event: 9704.053 Thread 0x00007ff904005000 Exception <a 'java/io/FileNotFoundException'> (0x00000000d916a0a8) thrown at [/buildbot/src/googleplex-android/openjdk/out/hotspot/src/share/vm/prims/jni.cpp, line 709]
Event: 9704.436 Thread 0x00007ff8fc868000 Exception <a 'java/lang/InterruptedException'> (0x00000000d991b688) thrown at [/buildbot/src/googleplex-android/openjdk/out/hotspot/src/share/vm/runtime/objectMonitor.cpp, line 1684]
Event: 9704.650 Thread 0x00007ff904008000 Implicit null exception at 0x00007ff94c5f8920 to 0x00007ff94c5f928d
Event: 9706.287 Thread 0x00007ff904008000 Implicit null exception at 0x00007ff94cec0313 to 0x00007ff94cec4439
Event: 9711.137 Thread 0x00007ff904008000 Exception <a 'java/lang/ClassNotFoundException': com/sun/org/glassfish/hk2/osgiresourcelocator/ServiceLoader> (0x00000000de6f62a8) thrown at [/buildbot/src/googleplex-android/openjdk/out/hotspot/src/share/vm/classfile/systemDictionary.cpp, line 210]

Events (10 events):
Event: 9712.307 Thread 0x00007ff904008000 DEOPT UNPACKING pc=0x00007ff94904547a sp=0x00007ff92f2f2d48 mode 2
Event: 9712.308 Thread 0x00007ff904008000 Uncommon trap: trap_request=0xffffffde fr.pc=0x00007ff94d901020
Event: 9712.308 Thread 0x00007ff904008000 DEOPT PACKING pc=0x00007ff94d901020 sp=0x00007ff92f2f2e00
Event: 9712.308 Thread 0x00007ff904008000 DEOPT UNPACKING pc=0x00007ff94904547a sp=0x00007ff92f2f2d48 mode 2
Event: 9712.386 Thread 0x00007ff904008000 DEOPT PACKING pc=0x00007ff94d90af0a sp=0x00007ff92f2f3190
Event: 9712.386 Thread 0x00007ff904008000 DEOPT UNPACKING pc=0x00007ff9490474c4 sp=0x00007ff92f2f2f50 mode 0
Event: 9712.434 Thread 0x00007ff904008000 Uncommon trap: trap_request=0xffffff65 fr.pc=0x00007ff94d91dbc4
Event: 9712.434 Thread 0x00007ff904008000 DEOPT PACKING pc=0x00007ff94d91dbc4 sp=0x00007ff92f2f3200
Event: 9712.434 Thread 0x00007ff904008000 DEOPT UNPACKING pc=0x00007ff94904547a sp=0x00007ff92f2f31d0 mode 2
Event: 9712.697 Executing VM operation: ParallelGCFailedAllocation


Dynamic libraries:
00400000-00401000 r-xp 00000000 08:01 8129103                            /home/amandeep/android-studio/jre/jre/bin/java
00401000-00402000 rw-p 00000000 08:01 8129103                            /home/amandeep/android-studio/jre/jre/bin/java
00951000-00972000 rw-p 00000000 00:00 0                                  [heap]
80000000-99480000 rw-p 00000000 00:00 0 
a8880000-d5580000 ---p 00000000 00:00 0 
d5580000-100000000 rw-p 00000000 00:00 0 
100000000-100b20000 rw-p 00000000 00:00 0 
100b20000-140000000 ---p 00000000 00:00 0 
7ff8d4000000-7ff8d4021000 rw-p 00000000 00:00 0 
7ff8d4021000-7ff8d8000000 ---p 00000000 00:00 0 
7ff8d8000000-7ff8d8021000 rw-p 00000000 00:00 0 
7ff8d8021000-7ff8dc000000 ---p 00000000 00:00 0 
7ff8dc000000-7ff8dc3b4000 rw-p 00000000 00:00 0 
7ff8dc3b4000-7ff8e0000000 ---p 00000000 00:00 0 
7ff8e1624000-7ff8e16e4000 rw-p 00000000 00:00 0 
7ff8e16e4000-7ff8e1824000 ---p 00000000 00:00 0 
7ff8e1824000-7ff8e1a24000 rw-p 00000000 00:00 0 
7ff8e1a24000-7ff8e1b30000 r--s 01b1a000 08:01 9964382                    /home/amandeep/Android/Sdk/platforms/android-27/android.jar
7ff8e1b30000-7ff8e1d30000 rw-p 00000000 00:00 0 
7ff8e1d8c000-7ff8e1d8f000 r--s 0000b000 08:01 9965030                    /home/amandeep/.gradle/caches/modules-2/files-2.1/org.objenesis/objenesis/2.5.1/272bab9a4e5994757044d1fc43ce480c8cb907a4/objenesis-2.5.1.jar
7ff8e1d8f000-7ff8e1d90000 r--s 00001000 08:01 9965029                    /home/amandeep/.gradle/caches/modules-2/files-2.1/com.esotericsoftware/minlog/1.3.0/ff07b5f1b01d2f92bb00a337f9a94873712f0827/minlog-1.3.0.jar
7ff8e1d90000-7ff8e1d92000 r--s 00004000 08:01 9965028                    /home/amandeep/.gradle/caches/modules-2/files-2.1/com.esotericsoftware/reflectasm/1.11.3/8b102eed2f12412b254946811111ea48bc03a266/reflectasm-1.11.3.jar
7ff8e1d92000-7ff8e1d95000 r--s 00013000 08:01 9965236                    /home/amandeep/.gradle/caches/modules-2/files-2.1/commons-io/commons-io/1.3.2/b6dde38349ba9bb5e6ea6320531eae969985dae5/commons-io-1.3.2.jar
7ff8e1d95000-7ff8e1d9c000 r--s 0005e000 08:01 9965235                    /home/amandeep/.gradle/caches/modules-2/files-2.1/org.apache.commons/commons-lang3/3.3.2/90a3822c38ec8c996e84c16a3477ef632cbc87a3/commons-lang3-3.3.2.jar
7ff8e1d9c000-7ff8e1d9d000 r--s 00001000 08:01 9963145                    /home/amandeep/.gradle/caches/transforms-1/files-1.1/viewmodel-1.1.0.aar/d4b9d9c4b51f67a40b801a2503dfe2f3/jars/classes.jar
7ff8e1d9d000-7ff8e1d9e000 r--s 00000000 08:01 3146812                    /home/amandeep/.gradle/caches/transforms-1/files-1.1/firebase-common-license-11.8.0.aar/5dafcad2e043aeefd2dc6469707fe730/jars/classes.jar
7ff8e1d9e000-7ff8e1d9f000 r--s 00000000 08:01 3146795                    /home/amandeep/.gradle/caches/transforms-1/files-1.1/firebase-iid-license-11.8.0.aar/4541105b55309534dfcc636c79d5b489/jars/classes.jar
7ff8e1d9f000-7ff8e1da0000 r--s 00000000 08:01 3146785                    /home/amandeep/.gradle/caches/transforms-1/files-1.1/play-services-tagmanager-v4-impl-license-11.8.0.aar/4a03d5b510f654e893cf285b3baec9ae/jars/classes.jar
7ff8e1da0000-7ff8e1da1000 r--s 00000000 08:01 3146772                    /home/amandeep/.gradle/caches/transforms-1/files-1.1/play-services-analytics-impl-license-11.8.0.aar/1c001512ebc7afad461277c3372b1ed6/jars/classes.jar
7ff8e1da1000-7ff8e1da2000 r--s 00000000 08:01 3146802                    /home/amandeep/.gradle/caches/transforms-1/files-1.1/play-services-auth-base-license-11.8.0.aar/a35cbf6a093c6afbf721796de0e2a197/jars/classes.jar
7ff8e1da2000-7ff8e1da3000 r--s 00000000 08:01 3146777                    /home/amandeep/.gradle/caches/transforms-1/files-1.1/play-services-auth-api-phone-license-11.8.0.aar/897f742a849e47048797d78ce317e966/jars/classes.jar
7ff8e1da3000-7ff8e1da4000 r--s 00000000 08:01 3146746                    /home/amandeep/.gradle/caches/transforms-1/files-1.1/play-services-tasks-license-11.8.0.aar/d11f4e8f48fc939bd3f78dadeb405508/jars/classes.jar
7ff8e1da4000-7ff8e1da5000 r--s 00000000 08:01 3146755                    /home/amandeep/.gradle/caches/transforms-1/files-1.1/play-services-basement-license-11.8.0.aar/6e0164f98c23161d5f919845c3f6d54c/jars/classes.jar
7ff8e1da5000-7ff8e1da6000 r--s 00000000 08:01 3146744                    /home/amandeep/.gradle/caches/transforms-1/files-1.1/play-services-base-license-11.8.0.aar/454489ab1580d7b8fb9b107fb6c84c82/jars/classes.jar
7ff8e1da6000-7ff8e1dae000 r--s 0007d000 08:01 9965282                    /home/amandeep/.gradle/caches/modules-2/files-2.1/com.google.zxing/core/3.3.0/73c49077166faa4c3c0059c5f583d1d7bd1475fe/core-3.3.0.jar
7ff8e1dae000-7ff8e1daf000 r--s 00000000 08:01 9965010                    /home/amandeep/.gradle/caches/modules-2/files-2.1/com.github.bumptech.glide/annotations/4.7.1/796c0bf0a61141278c4bc32de2b92e6eb7fa8b1a/annotations-4.7.1.jar
7ff8e1daf000-7ff8e1db0000 r--s 00004000 08:01 9965009                    /home/amandeep/.gradle/caches/modules-2/files-2.1/com.github.bumptech.glide/disklrucache/4.7.1/21e6054c134c7f5c435ab7635984f39c5375083e/disklrucache-4.7.1.jar
7ff8e1db0000-7ff8e1db6000 r--s 00037000 08:01 3146716                    /home/amandeep/.gradle/caches/transforms-1/files-1.1/fabric-1.4.7.aar/3328cf3cfde8b94b66068be35c7751f3/jars/classes.jar
7ff8e1db6000-7ff8e1db8000 r--s 00010000 08:01 3146726                    /home/amandeep/.gradle/caches/transforms-1/files-1.1/answers-1.4.6.aar/ce914dc4d97ec1685abdc1193ece302b/jars/classes.jar
7ff8e1db8000-7ff8e1dbc000 r--s 00029000 08:01 3146698                    /home/amandeep/.gradle/caches/transforms-1/files-1.1/crashlytics-core-2.6.7.aar/f0fda1ebb0f2186e62ceeb0f92909e57/jars/classes.jar
7ff8e1dbc000-7ff8e1dbd000 r--s 00000000 08:01 3146702                    /home/amandeep/.gradle/caches/transforms-1/files-1.1/beta-1.2.10.aar/031465b909709e3c41483b4040918085/jars/classes.jar
7ff8e1dbd000-7ff8e1dc0000 r--s 00019000 08:01 9965245                    /home/amandeep/.gradle/caches/modules-2/files-2.1/com.android.support.constraint/constraint-layout-solver/1.1.0/931532e953a477f876f2de18c2e7f16eee01078f/constraint-layout-solver-1.1.0.jar
7ff8e1dc0000-7ff8e1dc2000 r--s 00008000 08:01 9965007                    /home/amandeep/.gradle/caches/modules-2/files-2.1/org.apache.httpcomponents/httpmime/4.3/5b0002c5fb66867ca919be0fbd86de1cfaf76da7/httpmime-4.3.jar
7ff8e1dc2000-7ff8e1dcc000 r--s 00074000 08:01 9965006                    /home/amandeep/.gradle/caches/modules-2/files-2.1/org.apache.httpcomponents/httpclient-android/4.3.5.1/eecbb0b998e77629862a13d957d552b3be58fc4e/httpclient-android-4.3.5.1.jar
7ff8e1dcc000-7ff8e1dd2000 r--s 00051000 08:01 9965005                    /home/amandeep/.gradle/caches/modules-2/files-2.1/org.jsoup/jsoup/1.10.3/b842f960942503cf1abbcc8c173a7f2c19d43726/jsoup-1.10.3.jar
7ff8e1dd2000-7ff8e1dd9000 r--s 0004c000 08:01 9965023                    /home/amandeep/.gradle/caches/modules-2/files-2.1/com.esotericsoftware/kryo/4.0.1/5053899c213a6ce50a800d4902c5a9de49fe0098/kryo-4.0.1.jar
7ff8e1dd9000-7ff8e1ddd000 r--s 00016000 08:01 9965022                    /home/amandeep/.gradle/caches/modules-2/files-2.1/de.javakaffee/kryo-serializers/0.40/562cb61898302da4e8d3fd141c821edb1bc6b36d/kryo-serializers-0.40.jar
7ff8e1ddd000-7ff8e1ddf000 r--s 0000b000 08:01 9965234                    /home/amandeep/.gradle/caches/modules-2/files-2.1/com.octo.android.robospice/robospice-cache/1.4.14/1a13bea0b3ae105c44cb6be7fc76b6d36098faf5/robospice-cache-1.4.14.jar
7ff8e1ddf000-7ff8e1de0000 r--s 00000000 08:01 3146693                    /home/amandeep/.gradle/caches/transforms-1/files-1.1/firebase-messaging-license-11.8.0.aar/a79016dd9a73cc4ebffb312eeec5e02b/jars/classes.jar
7ff8e1de0000-7ff8e1de4000 r--s 00018000 08:01 9965222                    /home/amandeep/.gradle/caches/modules-2/files-2.1/com.nineoldandroids/library/2.4.0/e9b63380f3a242dbdbf103a2355ad7e43bad17cb/library-2.4.0.jar
7ff8e1de4000-7ff8e1de6000 r--s 00014000 08:01 9965217                    /home/amandeep/.gradle/caches/modules-2/files-2.1/com.squareup.okio/okio/1.15.0/bc28b5a964c8f5721eb58ee3f3c47a9bcbf4f4d8/okio-1.15.0.jar
7ff8e1de6000-7ff8e1deb000 r--s 00043000 08:01 9965219                    /home/amandeep/.gradle/caches/modules-2/files-2.1/com.squareup.okhttp/okhttp/2.3.0/2e7bc7033dc2c8423e661224171b3133fb155b28/okhttp-2.3.0.jar
7ff8e1deb000-7ff8e1ded000 r--s 00000000 08:01 12851884                   /home/amandeep/.gradle/caches/transforms-1/files-1.1/answers-shim-0.0.6.aar/7a548130980451334f3082a22da9bb84/jars/classes.jar
7ff8e1ded000-7ff8e1def000 r--s 00005000 08:01 9965020                    /home/amandeep/.gradle/caches/modules-2/files-2.1/com.android.support/support-annotations/27.1.1/39ded76b5e1ce1c5b2688e1d25cdc20ecee32007/support-annotations-27.1.1.jar
7ff8e1def000-7ff8e1df0000 r--s 00002000 08:01 9965033                    /home/amandeep/.gradle/caches/modules-2/files-2.1/android.arch.core/common/1.1.0/8007981f7d7540d89cd18471b8e5dcd2b4f99167/common-1.1.0.jar
7ff8e1df0000-7ff8e1df1000 r--s 00001000 08:01 11278947                   /home/amandeep/.gradle/caches/transforms-1/files-1.1/runtime-1.1.0.aar/122d60d06e57a76bd93acc342f1d397b/jars/classes.jar
7ff8e1df1000-7ff8e1df3000 r--s 00004000 08:01 9965031                    /home/amandeep/.gradle/caches/modules-2/files-2.1/android.arch.lifecycle/common/1.1.0/edf3f7bfb84a7521d0599efa3b0113a0ee90f85/common-1.1.0.jar
7ff8e1df3000-7ff8e1df4000 r--s 00002000 08:01 9833068                    /home/amandeep/.gradle/caches/transforms-1/files-1.1/livedata-core-1.1.0.aar/8402de578f916f3789a7969d7ebc9e35/jars/classes.jar
7ff8e1df4000-7ff8e1df5000 r--s 00004000 08:01 9963142                    /home/amandeep/.gradle/caches/transforms-1/files-1.1/gifdecoder-4.7.1.aar/1eee1784e8aeb11c6ac83ee9b9485317/jars/classes.jar
7ff8e1df5000-7ff8e1df6000 r--s 00000000 08:01 2235365                    /home/amandeep/.gradle/caches/transforms-1/files-1.1/play-services-places-license-11.8.0.aar/7adea93e6479f648ae36a85856e03059/jars/classes.jar
7ff8e1df6000-7ff8e1df7000 r--s 00000000 08:01 2100487                    /home/amandeep/.gradle/caches/transforms-1/files-1.1/play-services-analytics-license-11.8.0.aar/0201c941dd79d6ead22c7b235b4854b6/jars/classes.jar
7ff8e1df7000-7ff8e1df8000 r--s 00000000 08:01 1575221                    /home/amandeep/.gradle/caches/transforms-1/files-1.1/play-services-location-license-11.8.0.aar/7927ae824e068eae6a11beed7529d7ed/jars/classes.jar
7ff8e1df8000-7ff8e1df9000 r--s 00000000 08:01 1575220                    /home/amandeep/.gradle/caches/transforms-1/files-1.1/play-services-maps-license-11.8.0.aar/381202c16dda1ddf373945e815ebd3d9/jars/classes.jar
7ff8e1df9000-7ff8e1dfa000 r--s 00002000 08:01 10355859                   /home/amandeep/.gradle/caches/transforms-1/files-1.1/runtime-1.1.0.aar/f61823c29c85ec7ca1a08d71c53d25d4/jars/classes.jar
7ff8e1dfa000-7ff8e1e06000 r--s 00080000 08:01 2625682                    /home/amandeep/.gradle/caches/transforms-1/files-1.1/support-compat-27.1.1.aar/5316a17d8372462faa0dad3006508dce/jars/classes.jar
7ff8e1e06000-7ff8e1e08000 r--s 0000a000 08:01 3146259                    /home/amandeep/.gradle/caches/transforms-1/files-1.1/customtabs-27.0.2.aar/3292993d61853901093badbee720d2ce/jars/classes.jar
7ff8e1e08000-7ff8e1e10000 r--s 0004c000 08:01 11011204                   /home/amandeep/.gradle/caches/transforms-1/files-1.1/support-media-compat-27.1.1.aar/65fe66e70c0e1b37e8baeb40bb337f88/jars/classes.jar
7ff8e1e10000-7ff8e1e15000 r--s 0002c000 08:01 11407573                   /home/amandeep/.gradle/caches/transforms-1/files-1.1/transition-27.1.1.aar/ad75d2a07f6cea02c194b0264efc582f/jars/classes.jar
7ff8e1e15000-7ff8e1e16000 r--s 00007000 08:01 9569522                    /home/amandeep/.gradle/caches/transforms-1/files-1.1/support-vector-drawable-27.1.1.aar/2d14e4b950d6a776e875e8b008e145e3/jars/classes.jar
7ff8e1e16000-7ff8e1e19000 r--s 00017000 08:01 11803337                   /home/amandeep/.gradle/caches/transforms-1/files-1.1/support-core-utils-27.1.1.aar/0b57c85da28c2b92e6ac3eda2845e676/jars/classes.jar
7ff8e1e19000-7ff8e1e21000 r--s 00066000 08:01 3146256                    /home/amandeep/.gradle/caches/transforms-1/files-1.1/facebook-core-4.42.0.aar/463011c565feebb0f5edad01f6dc4f42/jars/classes.jar
7ff8e1e21000-7ff8e1e31000 r--s 00091000 08:01 2621889                    /home/amandeep/.gradle/caches/transforms-1/files-1.1/glide-4.7.1.aar/cd2f72f418a34dce73689f50f3a2b2b0/jars/classes.jar
7ff8e1e31000-7ff8e2031000 rw-p 00000000 00:00 0 
7ff8e2031000-7ff8e2231000 rw-p 00000000 00:00 0 
7ff8e2231000-7ff8e2431000 rw-p 00000000 00:00 0 
7ff8e2431000-7ff8e2435000 r--s 00043000 08:01 11149196                   /home/amandeep/.gradle/caches/transforms-1/files-1.1/support-core-ui-27.1.1.aar/2e987cc7ac96e5f815f51d20276c7ead/jars/classes.jar
7ff8e2435000-7ff8e2436000 r--s 00008000 08:01 11407570                   /home/amandeep/.gradle/caches/transforms-1/files-1.1/animated-vector-drawable-27.1.1.aar/987f26313f21a7e2085e75775625e0be/jars/classes.jar
7ff8e2436000-7ff8e243a000 r--s 00029000 08:01 10355854                   /home/amandeep/.gradle/caches/transforms-1/files-1.1/support-fragment-27.1.1.aar/fbf979e6b0e5796863ede92ac1aa9ba5/jars/classes.jar
7ff8e243a000-7ff8e243b000 r--s 0000c000 08:01 3146678                    /home/amandeep/.gradle/caches/transforms-1/files-1.1/library-2.4.1.1.aar/d1688327b6e1ec46cbeca888f18e8448/jars/classes.jar
7ff8e243b000-7ff8e243c000 r--s 00001000 08:01 1706151                    /home/amandeep/.gradle/caches/transforms-1/files-1.1/crashlytics-2.9.8.aar/31ee561ba3e80ca4125c2e41aa020213/jars/classes.jar
7ff8e243c000-7ff8e243d000 r--s 0000e000 08:01 2363555                    /home/amandeep/.gradle/caches/transforms-1/files-1.1/constraint-layout-1.1.0.aar/25e9458be5efc6fd14dc134ea13a2b26/jars/classes.jar
7ff8e243d000-7ff8e243f000 r--s 0000a000 08:01 13774890                   /home/amandeep/.gradle/caches/transforms-1/files-1.1/library-1.2.0.aar/22e697eeb1a33729f2f5649c9e9a421c/jars/classes.jar
7ff8e243f000-7ff8e2441000 r--s 00001000 08:01 12851882                   /home/amandeep/.gradle/caches/transforms-1/files-1.1/com.amulyakhare.textdrawable-1.0.1.aar/1c93e4c55c04cd4be2bbb322a4642414/jars/classes.jar
7ff8e2441000-7ff8e2444000 r--s 0002e000 08:01 1575214                    /home/amandeep/.gradle/caches/transforms-1/files-1.1/checkout-1.4.7.aar/c9e61ab8098fcf3a35964050e2eb63d4/jars/classes.jar
7ff8e2444000-7ff8e2445000 r--s 00003000 08:01 2621892                    /home/amandeep/.gradle/caches/transforms-1/files-1.1/paperdb-2.6.aar/365bef577ac02a71d6f4cf251d99a2c4/jars/classes.jar
7ff8e2445000-7ff8e2447000 r--s 0000a000 08:01 9965238                    /home/amandeep/.gradle/caches/modules-2/files-2.1/de.greenrobot/eventbus/2.4.0/ddd166d01b3158d1c00576d29f7ed15c030df719/eventbus-2.4.0.jar
7ff8e2447000-7ff8e244b000 r--s 00019000 08:01 9965233                    /home/amandeep/.gradle/caches/modules-2/files-2.1/com.octo.android.robospice/robospice/1.4.14/fffe1563473feb2f956608554d3e97ad805914a7/robospice-1.4.14.jar
7ff8e244b000-7ff8e244c000 r--s 00000000 08:01 2621943                    /home/amandeep/.gradle/caches/transforms-1/files-1.1/support-v4-27.1.1.aar/7a9e448ff64afc65acc58942435ee65e/jars/classes.jar
7ff8e244c000-7ff8e2457000 r--s 00060000 08:01 14290881                   /home/amandeep/.gradle/caches/transforms-1/files-1.1/play-services-basement-11.8.0.aar/02d9f725f3cb897058fbea1ae2ce29b3/jars/classes.jar
7ff8e2457000-7ff8e245a000 r--s 0000b000 08:01 13901662                   /home/amandeep/.gradle/caches/transforms-1/files-1.1/play-services-tasks-11.8.0.aar/eba6a30346400c9f293134983b4e5c00/jars/classes.jar
7ff8e245a000-7ff8e245d000 r--s 00009000 08:01 13651510                   /home/amandeep/.gradle/caches/transforms-1/files-1.1/firebase-common-11.8.0.aar/8efd8f5d22c54f612a445ce555c50868/jars/classes.jar
7ff8e245d000-7ff8e245f000 r--s 0000a000 08:01 13774888                   /home/amandeep/.gradle/caches/transforms-1/files-1.1/firebase-iid-11.8.0.aar/b7b0b1e10a635ba3a3beff42dcb8befc/jars/classes.jar
7ff8e245f000-7ff8e2469000 r--s 00055000 08:01 3146280                    /home/amandeep/.gradle/caches/transforms-1/files-1.1/play-services-base-11.8.0.aar/ab23d721d0b7b373fda102cf8a55d91c/jars/classes.jar
7ff8e2469000-7ff8e246d000 r--s 00029000 08:01 3146273                    /home/amandeep/.gradle/caches/transforms-1/files-1.1/play-services-analytics-impl-11.8.0.aar/1d66ccb7c36befed011b922b87889690/jars/classes.jar
7ff8e246d000-7ff8e2473000 r--s 0002d000 08:01 2886293                    /home/amandeep/.gradle/caches/transforms-1/files-1.1/play-services-tagmanager-v4-impl-11.8.0.aar/01d6cb130d7f5732e50cc850b8d8cbaa/jars/classes.jar
7ff8e2473000-7ff8e2477000 r--s 00016000 08:01 2100483                    /home/amandeep/.gradle/caches/transforms-1/files-1.1/play-services-auth-base-11.8.0.aar/da35c952e3af432e53187ca343999bc1/jars/classes.jar
7ff8e2477000-7ff8e2479000 r--s 00001000 08:01 12585842                   /home/amandeep/.gradle/caches/transforms-1/files-1.1/play-services-auth-api-phone-11.8.0.aar/5e254b5ffe33440e8f22634a00c1d9a6/jars/classes.jar
7ff8e2479000-7ff8e247d000 r--s 0001c000 08:01 3146158                    /home/amandeep/.gradle/caches/transforms-1/files-1.1/zxing-android-embedded-3.5.0.aar/a3ba0e0dbad4d9bba142c78b60c06c7d/jars/classes.jar
7ff8e247d000-7ff8e247f000 r--s 00007000 08:01 3146153                    /home/amandeep/.gradle/caches/transforms-1/files-1.1/library-1.2.3.aar/25e02f9b85966757f5786183db7e4395/jars/classes.jar
7ff8e247f000-7ff8e2480000 r--s 00002000 08:01 3146140                    /home/amandeep/.gradle/caches/transforms-1/files-1.1/butterknife-8.7.0.aar/11d5a8f4a482375859a54cb7c6f22c22/jars/classes.jar
7ff8e2480000-7ff8e248b000 r--s 000a0000 08:01 2363538                    /home/amandeep/.gradle/caches/transforms-1/files-1.1/appcompat-v7-27.1.1.aar/fb23785f5c30aad64d562f90b6b72764/jars/classes.jar
7ff8e248b000-7ff8e248c000 r--s 00004000 08:01 9965230                    /home/amandeep/.gradle/caches/modules-2/files-2.1/com.squareup/otto/1.3.8/cf615176cd1177edf71d3c9605f8dc148fede6be/otto-1.3.8.jar
7ff8e248c000-7ff8e248d000 r--s 00006000 08:01 11803347                   /home/amandeep/.gradle/caches/transforms-1/files-1.1/firebase-messaging-11.8.0.aar/8b9debe845466086710afb6720c4c04c/jars/classes.jar
7ff8e248d000-7ff8e248f000 r--s 00008000 08:01 14555190                   /home/amandeep/.gradle/caches/transforms-1/files-1.1/tokenautocomplete-2.0.3.aar/2f88f75102fdb42b56ef1f1053db0878/jars/classes.jar
7ff8e248f000-7ff8e2495000 r--s 00062000 08:01 9965216                    /home/amandeep/.gradle/caches/modules-2/files-2.1/com.squareup.okhttp3/okhttp/3.12.2/6ebea791309851e6cf95df2127731631fbba0a9d/okhttp-3.12.2.jar
7ff8e2495000-7ff8e2497000 r--s 00001000 08:01 9965003                    /home/amandeep/.gradle/caches/modules-2/files-2.1/com.squareup.okhttp3/logging-interceptor/3.9.1/36e71ab9e903fc4d1b4a58d80572a91d9fd60caf/logging-interceptor-3.9.1.jar
7ff8e2497000-7ff8e249a000 r--s 00014000 08:01 9965002                    /home/amandeep/.gradle/caches/modules-2/files-2.1/com.squareup.retrofit2/retrofit/2.4.0/fc4aa382632bfaa7be7b41579efba41d5a71ecf3/retrofit-2.4.0.jar
7ff8e249a000-7ff8e249c000 r--s 00004000 08:01 2363194                    /home/amandeep/.gradle/caches/transforms-1/files-1.1/cardview-v7-27.1.1.aar/1909921d9b7f0cd08e1b95793f240bf9/jars/classes.jar
7ff8e249c000-7ff8e24a5000 r--s 00061000 08:01 3021089                    /home/amandeep/.gradle/caches/transforms-1/files-1.1/facebook-common-4.42.0.aar/11a98c1ebea16d775fdec1136d4d90aa/jars/classes.jar
7ff8e24a5000-7ff8e24a7000 r--s 00007000 08:01 3021087                    /home/amandeep/.gradle/caches/transforms-1/files-1.1/facebook-login-4.42.0.aar/65febfa59b7533c306cf4547e88e528b/jars/classes.jar
7ff8e24a7000-7ff8e24ad000 r--s 00058000 08:01 2363196                    /home/amandeep/.gradle/caches/transforms-1/files-1.1/recyclerview-v7-27.1.1.aar/14445fcd0bfbe07bcf833f5cf15b6c32/jars/classes.jar
7ff8e24ad000-7ff8e24af000 r--s 00003000 08:01 1838530                    /home/amandeep/.gradle/caches/transforms-1/files-1.1/floatingactionbutton-1.3.0.aar/7a18cddde64e7996842ede87771d41ad/jars/classes.jar
7ff8e24af000-7ff8e24b5000 r--s 00043000 08:01 13774869                   /home/amandeep/.gradle/caches/transforms-1/files-1.1/design-27.1.1.aar/e748f38d6a0c2c9f2b4524a01f82fce2/jars/classes.jar
7ff8e24b5000-7ff8e24bb000 r--s 00045000 08:01 11407583                   /home/amandeep/.gradle/caches/transforms-1/files-1.1/stripe-android-6.1.2.aar/4e9ddd214d2f033de7c7307f5bb01535/jars/classes.jar
7ff8e24bb000-7ff8e24bf000 r--s 0003b000 08:01 12062140                   /home/amandeep/.gradle/caches/transforms-1/files-1.1/library-2.12.1.aar/1d66889787883ca41d86cb14bc4106c3/jars/classes.jar
7ff8e24bf000-7ff8e24c4000 r--s 00034000 08:01 9964997                    /home/amandeep/.gradle/caches/modules-2/files-2.1/com.google.code.gson/gson/2.8.2/3edcfe49d2c6053a70a2a47e4e1c2f94998a49cf/gson-2.8.2.jar
7ff8e24c4000-7ff8e26c4000 rw-p 00000000 00:00 0 
7ff8e26c4000-7ff8e28c4000 rw-p 00000000 00:00 0 
7ff8e28c4000-7ff8e2ac4000 rw-p 00000000 00:00 0 
7ff8e2ac4000-7ff8e2cc4000 rw-p 00000000 00:00 0 
7ff8e2cc4000-7ff8e2ec4000 rw-p 00000000 00:00 0 
7ff8e2ec4000-7ff8e30c4000 rw-p 00000000 00:00 0 
7ff8e30c4000-7ff8e32c4000 rw-p 00000000 00:00 0 
7ff8e32c4000-7ff8e34c4000 rw-p 00000000 00:00 0 
7ff8e34c4000-7ff8e36c4000 rw-p 00000000 00:00 0 
7ff8e36c4000-7ff8e38c4000 rw-p 00000000 00:00 0 
7ff8e38c4000-7ff8e38c5000 r--s 00004000 08:01 9965218                    /home/amandeep/.gradle/caches/modules-2/files-2.1/com.squareup.okhttp/okhttp-urlconnection/2.3.0/4f12ec1e1455909e1f0b8530c719c90b2d01745/okhttp-urlconnection-2.3.0.jar
7ff8e38c5000-7ff8e38c7000 r--s 00008000 08:01 12325279                   /home/amandeep/.gradle/caches/transforms-1/files-1.1/library-3.2.1.aar/bf1fff963cd87aaefb2b41c121342a95/jars/classes.jar
7ff8e38c7000-7ff8e38c8000 r--s 00001000 08:01 9964996                    /home/amandeep/.gradle/caches/modules-2/files-2.1/com.squareup.retrofit2/converter-gson/2.4.0/15d7790ee311d961379c51b00aba12d5967cb7ea/converter-gson-2.4.0.jar
7ff8e38c8000-7ff8e38cc000 r--s 0001a000 08:01 9965215                    /home/amandeep/.gradle/caches/modules-2/files-2.1/com.squareup.retrofit/retrofit/1.9.0/a681c044244d9fc375198588297a39ba78028423/retrofit-1.9.0.jar
7ff8e38cc000-7ff8e38cd000 r--s 00001000 08:01 9965220                    /home/amandeep/.gradle/caches/modules-2/files-2.1/com.jakewharton.retrofit/retrofit1-okhttp3-client/1.0.2/7ed8a7e78c34074ec462b408b3c8a161028cb650/retrofit1-okhttp3-client-1.0.2.jar
7ff8e38cd000-7ff8e38cf000 r--s 0001b000 08:01 8916891                    /home/amandeep/StudioProjects/jugnoo-android-autos/Android Studio/JugnooNewUI/fugu/libs/Java-WebSocket-1.3.9.jar
7ff8e38cf000-7ff8e38d5000 r--s 00070000 08:01 8916890                    /home/amandeep/StudioProjects/jugnoo-android-autos/Android Studio/JugnooNewUI/fugu/libs/Java-WebSocket-1.3.9-javadoc.jar
7ff8e38d5000-7ff8e38e7000 r--s 000ed000 08:01 8787600                    /home/amandeep/StudioProjects/jugnoo-android-autos/Android Studio/JugnooNewUI/fugu/build/intermediates/intermediate-jars/debug/classes.jar
7ff8e38e7000-7ff8e38e8000 r--s 00005000 08:01 12983534                   /home/amandeep/.gradle/caches/transforms-1/files-1.1/library-1.1.0.aar/a55346a62bdb4976ec506f60a36812b8/jars/classes.jar
7ff8e38e8000-7ff8e38e9000 r--s 00000000 08:01 11803342                   /home/amandeep/.gradle/caches/transforms-1/files-1.1/play-services-analytics-11.8.0.aar/cdc5dbc072c8d1c8c1fbdf018e0222a9/jars/classes.jar
7ff8e38e9000-7ff8e38ed000 r--s 00013000 08:01 11011208                   /home/amandeep/.gradle/caches/transforms-1/files-1.1/play-services-auth-11.8.0.aar/c1d800c7b8835fc0466e1a0b69d6c59c/jars/classes.jar
7ff8e38ed000-7ff8e38f1000 r--s 00019000 08:01 10617191                   /home/amandeep/.gradle/caches/transforms-1/files-1.1/play-services-location-11.8.0.aar/2ed5a70d4622f0818abeafc437097904/jars/classes.jar
7ff8e38f1000-7ff8e38f9000 r--s 00037000 08:01 9967848                    /home/amandeep/.gradle/caches/transforms-1/files-1.1/play-services-maps-11.8.0.aar/0917cbfb995f8009152f66e3fd968deb/jars/classes.jar
7ff8e38f9000-7ff8e38fe000 r--s 0001a000 08:01 14555179                   /home/amandeep/.gradle/caches/transforms-1/files-1.1/play-services-places-11.8.0.aar/a87f4be23e8db657f12ebc4728531f81/jars/classes.jar
7ff8e38fe000-7ff8e38ff000 r--s 00006000 08:01 14027717                   /home/amandeep/.gradle/caches/transforms-1/files-1.1/multidex-1.0.3.aar/6e34a1e99dad5894ae53add76bdbea4e/jars/classes.jar
7ff8e38ff000-7ff8e3902000 ---p 00000000 00:00 0 
7ff8e3902000-7ff8e3c00000 rw-p 00000000 00:00 0 
7ff8e3c00000-7ff8e3e00000 rw-p 00000000 00:00 0 
7ff8e3e00000-7ff8e4000000 rw-p 00000000 00:00 0 
7ff8e4000000-7ff8e4b4b000 rw-p 00000000 00:00 0 
7ff8e4b4b000-7ff8e8000000 ---p 00000000 00:00 0 
7ff8e8000000-7ff8e8879000 rw-p 00000000 00:00 0 
7ff8e8879000-7ff8ec000000 ---p 00000000 00:00 0 
7ff8ec000000-7ff8ec021000 rw-p 00000000 00:00 0 
7ff8ec021000-7ff8f0000000 ---p 00000000 00:00 0 
7ff8f0000000-7ff8f0818000 rw-p 00000000 00:00 0 
7ff8f0818000-7ff8f4000000 ---p 00000000 00:00 0 
7ff8f4000000-7ff8f4021000 rw-p 00000000 00:00 0 
7ff8f4021000-7ff8f8000000 ---p 00000000 00:00 0 
7ff8f8000000-7ff8f8803000 rw-p 00000000 00:00 0 
7ff8f8803000-7ff8fc000000 ---p 00000000 00:00 0 
7ff8fc000000-7ff8fd51b000 rw-p 00000000 00:00 0 
7ff8fd51b000-7ff900000000 ---p 00000000 00:00 0 
7ff900000000-7ff900021000 rw-p 00000000 00:00 0 
7ff900021000-7ff904000000 ---p 00000000 00:00 0 
7ff904000000-7ff904021000 rw-p 00000000 00:00 0 
7ff904021000-7ff908000000 ---p 00000000 00:00 0 
7ff908000000-7ff908021000 rw-p 00000000 00:00 0 
7ff908021000-7ff90c000000 ---p 00000000 00:00 0 
7ff90c000000-7ff90c021000 rw-p 00000000 00:00 0 
7ff90c021000-7ff910000000 ---p 00000000 00:00 0 
7ff910000000-7ff910021000 rw-p 00000000 00:00 0 
7ff910021000-7ff914000000 ---p 00000000 00:00 0 
7ff914000000-7ff916303000 rw-p 00000000 00:00 0 
7ff916303000-7ff918000000 ---p 00000000 00:00 0 
7ff918000000-7ff919644000 rw-p 00000000 00:00 0 
7ff919644000-7ff91c000000 ---p 00000000 00:00 0 
7ff91c000000-7ff91c021000 rw-p 00000000 00:00 0 
7ff91c021000-7ff920000000 ---p 00000000 00:00 0 
7ff920000000-7ff921cce000 rw-p 00000000 00:00 0 
7ff921cce000-7ff924000000 ---p 00000000 00:00 0 
7ff924000000-7ff924021000 rw-p 00000000 00:00 0 
7ff924021000-7ff928000000 ---p 00000000 00:00 0 
7ff928000000-7ff928021000 rw-p 00000000 00:00 0 
7ff928021000-7ff92c000000 ---p 00000000 00:00 0 
7ff92c000000-7ff92c00b000 r--s 0006c000 08:01 12454648                   /home/amandeep/.gradle/caches/transforms-1/files-1.1/account-kit-sdk-4.21.0-beta.aar/49af96c89cc10174612077abb93a755f/jars/classes.jar
7ff92c00b000-7ff92c00e000 r--s 0000e000 08:01 13901631                   /home/amandeep/.gradle/caches/transforms-1/files-1.1/library-3.3.2.aar/c08bf7ef01d6765ab5bde6b29c296e9e/jars/classes.jar
7ff92c00e000-7ff92c011000 r--s 00011000 08:01 13901629                   /home/amandeep/.gradle/caches/transforms-1/files-1.1/adapters-3.3.2.aar/6abc0312532b6dc837d148df10f8c894/jars/classes.jar
7ff92c011000-7ff92c014000 r--s 0001a000 08:01 8264210                    /home/amandeep/StudioProjects/jugnoo-android-autos/Android Studio/JugnooNewUI/jugnooNewUI/libs/picasso-2.4.0.jar
7ff92c014000-7ff92c01b000 r--s 0001f000 08:01 9965372                    /home/amandeep/.gradle/caches/modules-2/files-2.1/org.jetbrains.kotlin/kotlin-stdlib-common/1.3.21/f30e4a9897913e53d778f564110bafa1fef46643/kotlin-stdlib-common-1.3.21.jar
7ff92c01b000-7ff92c01c000 r--s 00000000 08:01 9964352                    /home/amandeep/.gradle/caches/modules-2/files-2.1/org.codehaus.mojo/animal-sniffer-annotations/1.14/775b7e22fb10026eed3f86e8dc556dfafe35f2d5/animal-sniffer-annotations-1.14.jar
7ff92c01c000-7ff92c026000 r--s 00026000 08:01 9964350                    /home/amandeep/.gradle/caches/modules-2/files-2.1/org.checkerframework/checker-qual/2.5.2/cea74543d5904a30861a61b4643a5f2bb372efc4/checker-qual-2.5.2.jar
7ff92c026000-7ff92c039000 r--s 0010f000 08:01 9965376                    /home/amandeep/.gradle/caches/modules-2/files-2.1/org.jetbrains.kotlin/kotlin-stdlib/1.3.21/4bcc2012b84840e19e1e28074284cac908be0295/kotlin-stdlib-1.3.21.jar
7ff92c039000-7ff92c06b000 r--s 0026c000 08:01 9964303                    /home/amandeep/.gradle/caches/modules-2/files-2.1/com.google.guava/guava/26.0-jre/6a806eff209f36f635f943e16d97491f00f6bfab/guava-26.0-jre.jar
7ff92c06b000-7ff92c082000 r--s 00154000 08:01 9964310                    /home/amandeep/.gradle/caches/modules-2/files-2.1/org.antlr/antlr4/4.5.3/f35db7e4b2446e4174ba6a73db7bd6b3e6bb5da1/antlr4-4.5.3.jar
7ff92c082000-7ff92c085000 ---p 00000000 00:00 0 
7ff92c085000-7ff92c383000 rw-p 00000000 00:00 0 
7ff92c383000-7ff92c583000 rw-p 00000000 00:00 0 
7ff92c583000-7ff92c596000 r--s 00345000 08:01 8129002                    /home/amandeep/android-studio/jre/jre/lib/resources.jar
7ff92c596000-7ff92c796000 rw-p 00000000 00:00 0 
7ff92c796000-7ff92c996000 rw-p 00000000 00:00 0 
7ff92c996000-7ff92c998000 r--s 00001000 08:01 9964351                    /home/amandeep/.gradle/caches/modules-2/files-2.1/com.google.j2objc/j2objc-annotations/1.1/ed28ded51a8b1c6b112568def5f4b455e6809019/j2objc-annotations-1.1.jar
7ff92c998000-7ff92c99a000 r--s 00002000 08:01 9965371                    /home/amandeep/.gradle/caches/modules-2/files-2.1/com.google.errorprone/error_prone_annotations/2.1.3/39b109f2cd352b2d71b52a3b5a1a9850e1dc304b/error_prone_annotations-2.1.3.jar
7ff92c99a000-7ff92c99c000 r--s 00003000 08:01 9964319                    /home/amandeep/.gradle/caches/modules-2/files-2.1/com.google.code.findbugs/jsr305/3.0.2/25ea2e8b0c338a877313bd4672d3fe056ea78f0d/jsr305-3.0.2.jar
7ff92c99c000-7ff92c99d000 r--s 00000000 08:01 9964285                    /home/amandeep/.gradle/caches/modules-2/files-2.1/org.jetbrains.kotlin/kotlin-stdlib-jdk7/1.3.21/d207ce2c9bcf17dc8e51bab4dbfdac4d013e7138/kotlin-stdlib-jdk7-1.3.21.jar
7ff92c99d000-7ff92cb9d000 rw-p 00000000 00:00 0 
7ff92cb9d000-7ff92cb9e000 r--s 00001000 08:01 9964300                    /home/amandeep/.gradle/caches/modules-2/files-2.1/com.android.tools/annotations/26.3.2/b44255ac410552d5e65e159830596b2a9a0a3d9a/annotations-26.3.2.jar
7ff92cb9e000-7ff92cba3000 r--s 00034000 08:01 9964304                    /home/amandeep/.gradle/caches/modules-2/files-2.1/com.google.code.gson/gson/2.8.0/c4ba5371a29ac9b2ad6129b1d39ea38750043eff/gson-2.8.0.jar
7ff92cba3000-7ff92cba6000 r--s 0001c000 08:01 9964275                    /home/amandeep/.gradle/caches/modules-2/files-2.1/com.android.tools.build.jetifier/jetifier-core/1.0.0-beta02/fa93fdb83bdfd51e80e09a808fb2515a7134d406/jetifier-core-1.0.0-beta02.jar
7ff92cba6000-7ff92cba8000 r--s 00004000 08:01 13114482                   /home/amandeep/Android/Sdk/extras/android/m2repository/com/android/support/support-annotations/25.3.0/support-annotations-25.3.0.jar
7ff92cba8000-7ff92cbab000 ---p 00000000 00:00 0 
7ff92cbab000-7ff92cca9000 rw-p 00000000 00:00 0 
7ff92cca9000-7ff92ccac000 ---p 00000000 00:00 0 
7ff92ccac000-7ff92cfaa000 rw-p 00000000 00:00 0 
7ff92cfaa000-7ff92d1aa000 rw-p 00000000 00:00 0 
7ff92d1aa000-7ff92d3aa000 rw-p 00000000 00:00 0 
7ff92d3aa000-7ff92d5aa000 rw-p 00000000 00:00 0 
7ff92d5aa000-7ff92d7aa000 rw-p 00000000 00:00 0 
7ff92d7aa000-7ff92d9aa000 rw-p 00000000 00:00 0 
7ff92d9aa000-7ff92d9ab000 r--s 00003000 08:01 9964308                    /home/amandeep/.gradle/caches/modules-2/files-2.1/com.android.databinding/baseLibrary/3.3.2/f47429190ed8581146471c690bb425ac466f4b62/baseLibrary-3.3.2.jar
7ff92d9ab000-7ff92d9ae000 r--s 00033000 08:01 9964311                    /home/amandeep/.gradle/caches/modules-2/files-2.1/com.googlecode.juniversalchardet/juniversalchardet/1.0.3/cd49678784c46aa8789c060538e0154013bb421b/juniversalchardet-1.0.3.jar
7ff92d9ae000-7ff92d9b5000 r--s 0003a000 08:01 9964355                    /home/amandeep/.gradle/caches/modules-2/files-2.1/commons-codec/commons-codec/1.9/9ce04e34240f674bc72680f8b843b1457383161a/commons-codec-1.9.jar
7ff92d9b5000-7ff92d9b8000 ---p 00000000 00:00 0 
7ff92d9b8000-7ff92dcb6000 rw-p 00000000 00:00 0 
7ff92dcb6000-7ff92deb6000 rw-p 00000000 00:00 0 
7ff92deb6000-7ff92deba000 r--s 0002a000 08:01 9964309                    /home/amandeep/.gradle/caches/modules-2/files-2.1/commons-io/commons-io/2.4/b1b6ea3b7e4aa4f492509a4952029cd8e48019ad/commons-io-2.4.jar
7ff92deba000-7ff92debc000 r--s 00002000 08:01 9964265                    /home/amandeep/.gradle/caches/modules-2/files-2.1/org.jetbrains.kotlin/kotlin-stdlib-jdk8/1.3.21/d0634d54452abc421db494ad32dd215e6591c49f/kotlin-stdlib-jdk8-1.3.21.jar
7ff92debc000-7ff92dec3000 r--s 00052000 08:01 9964252                    /home/amandeep/.gradle/caches/modules-2/files-2.1/androidx.databinding/databinding-compiler-common/3.3.2/62da33e20ba59e879f3cd60ed0d8353f1dbddeba/databinding-compiler-common-3.3.2.jar
7ff92dec3000-7ff92dece000 r--s 000fe000 08:01 9965378                    /home/amandeep/.gradle/caches/modules-2/files-2.1/androidx.databinding/databinding-compiler/3.3.2/dd3411d9e93dada227e8f6a8a13c851cfa9532b4/databinding-compiler-3.3.2.jar
7ff92dece000-7ff92ded9000 r--s 00040000 08:01 9964628                    /home/amandeep/Android/Sdk/platforms/android-27/optional/org.apache.http.legacy.jar
7ff92ded9000-7ff92dedb000 r--s 00008000 08:01 9965278                    /home/amandeep/.gradle/caches/modules-2/files-2.1/com.parse.bolts/bolts-tasks/1.4.0/d85884acf6810a3bbbecb587f239005cbc846dc4/bolts-tasks-1.4.0.jar
7ff92dedb000-7ff92dedd000 r--s 00015000 08:01 9965374                    /home/amandeep/.gradle/caches/modules-2/files-2.1/com.squareup/javapoet/1.9.0/ecc5cf9c221d55481163e773b24336db149e51/javapoet-1.9.0.jar
7ff92dedd000-7ff92dee0000 r--s 00012000 08:01 9965375                    /home/amandeep/.gradle/caches/modules-2/files-2.1/com.google.auto/auto-common/0.8/c6f7af0e57b9d69d81b05434ef9f3c5610d498c4/auto-common-0.8.jar
7ff92dee0000-7ff92dee2000 r--s 00003000 08:01 9965232                    /home/amandeep/.gradle/caches/modules-2/files-2.1/com.jakewharton/butterknife-annotations/8.7.0/2637055420a2da406e3ea9920c2ff4aafd38c970/butterknife-annotations-8.7.0.jar
7ff92dee2000-7ff92dee4000 r--s 00005000 08:01 9965279                    /home/amandeep/.gradle/caches/modules-2/files-2.1/com.parse.bolts/bolts-applinks/1.4.0/8ad21bf21784dacce5f2043afb97218cc377e835/bolts-applinks-1.4.0.jar
7ff92dee4000-7ff92dee6000 r--s 0000c000 08:01 9965034                    /home/amandeep/.gradle/caches/modules-2/files-2.1/org.ow2.asm/asm/5.0.4/da08b8cce7bbf903602a25a3a163ae252435795/asm-5.0.4.jar
7ff92dee6000-7ff92deed000 r--s 0004b000 08:01 9965985                    /home/amandeep/.gradle/caches/modules-2/files-2.1/org.jetbrains.kotlin/kotlin-android-extensions/1.3.0/87970b36b9e1855d0d0e4942865f63a1015026c9/kotlin-android-extensions-1.3.0.jar
7ff92deed000-7ff92def2000 r--s 00042000 08:01 9965983                    /home/amandeep/.gradle/caches/modules-2/files-2.1/org.jetbrains.kotlin/kotlin-annotation-processing-gradle/1.3.0/d348139d1750895f6081773c5ef6392cba7139ae/kotlin-annotation-processing-gradle-1.3.0.jar
7ff92def2000-7ff92e0f2000 rw-p 00000000 00:00 0 
7ff92e0f2000-7ff92e2f2000 rw-p 00000000 00:00 0 
7ff92e2f2000-7ff92e4f2000 rw-p 00000000 00:00 0 
7ff92e4f2000-7ff92e6f2000 rw-p 00000000 00:00 0 
7ff92e6f2000-7ff92e8f2000 rw-p 00000000 00:00 0 
7ff92e8f2000-7ff92eaf2000 rw-p 00000000 00:00 0 
7ff92eaf2000-7ff92eaf5000 ---p 00000000 00:00 0 
7ff92eaf5000-7ff92ebf3000 rw-p 00000000 00:00 0 
7ff92ebf3000-7ff92ebf6000 ---p 00000000 00:00 0 
7ff92ebf6000-7ff92eef4000 rw-p 00000000 00:00 0 
7ff92eef4000-7ff92eef7000 ---p 00000000 00:00 0 
7ff92eef7000-7ff92eff5000 rw-p 00000000 00:00 0 
7ff92eff5000-7ff92eff8000 ---p 00000000 00:00 0 
7ff92eff8000-7ff92f0f6000 rw-p 00000000 00:00 0 
7ff92f0f6000-7ff92f0f9000 ---p 00000000 00:00 0 
7ff92f0f9000-7ff92f1f7000 rw-p 00000000 00:00 0 
7ff92f1f7000-7ff92f1fa000 ---p 00000000 00:00 0 
7ff92f1fa000-7ff92f2f8000 rw-p 00000000 00:00 0 
7ff92f2f8000-7ff92f2fb000 ---p 00000000 00:00 0 
7ff92f2fb000-7ff92f3f9000 rw-p 00000000 00:00 0 
7ff92f3f9000-7ff92f3fc000 ---p 00000000 00:00 0 
7ff92f3fc000-7ff92f4fa000 rw-p 00000000 00:00 0 
7ff92f4fa000-7ff92f4ff000 r--s 0009a000 08:01 8129076                    /home/amandeep/android-studio/jre/jre/lib/jsse.jar
7ff92f4ff000-7ff92f579000 r--s 010fd000 08:01 8129121                    /home/amandeep/android-studio/jre/lib/tools.jar
7ff92f579000-7ff92f594000 r--s 00394000 08:01 8129080                    /home/amandeep/android-studio/jre/jre/lib/ext/cldrdata.jar
7ff92f594000-7ff92f5aa000 r-xp 00000000 08:01 8129056                    /home/amandeep/android-studio/jre/jre/lib/amd64/libnet.so
7ff92f5aa000-7ff92f5ab000 rw-p 00016000 08:01 8129056                    /home/amandeep/android-studio/jre/jre/lib/amd64/libnet.so
7ff92f5ab000-7ff92f5bb000 r-xp 00000000 08:01 8129047                    /home/amandeep/android-studio/jre/jre/lib/amd64/libnio.so
7ff92f5bb000-7ff92f5bc000 rw-p 00010000 08:01 8129047                    /home/amandeep/android-studio/jre/jre/lib/amd64/libnio.so
7ff92f5bc000-7ff92f5f2000 r--s 00250000 08:01 9966030                    /home/amandeep/.gradle/caches/modules-2/files-2.1/org.jetbrains.kotlin/kotlin-reflect/1.3.0/6fd129fd9ba8581f2cb9c58bfd431dda4ee0457e/kotlin-reflect-1.3.0.jar
7ff92f5f2000-7ff92f631000 rw-p 00000000 00:00 0 
7ff92f631000-7ff930000000 r--p 00000000 08:01 9312891                    /usr/lib/locale/locale-archive
7ff930000000-7ff930025000 rw-p 00000000 00:00 0 
7ff930025000-7ff934000000 ---p 00000000 00:00 0 
7ff934000000-7ff9342bf000 rw-p 00000000 00:00 0 
7ff9342bf000-7ff938000000 ---p 00000000 00:00 0 
7ff938000000-7ff938028000 rw-p 00000000 00:00 0 
7ff938028000-7ff93c000000 ---p 00000000 00:00 0 
7ff93c000000-7ff93c021000 rw-p 00000000 00:00 0 
7ff93c021000-7ff940000000 ---p 00000000 00:00 0 
7ff940000000-7ff940021000 rw-p 00000000 00:00 0 
7ff940021000-7ff944000000 ---p 00000000 00:00 0 
7ff944000000-7ff94400a000 r--s 00116000 08:01 8129087                    /home/amandeep/android-studio/jre/jre/lib/ext/localedata.jar
7ff94400a000-7ff94401d000 r--s 0010e000 08:01 9966033                    /home/amandeep/.gradle/caches/modules-2/files-2.1/org.jetbrains.kotlin/kotlin-stdlib/1.3.0/a134b0cfe9bb44f98b0b3e889cda07923eea9428/kotlin-stdlib-1.3.0.jar
7ff94401d000-7ff9441f2000 r--s 01a6d000 08:01 9965991                    /home/amandeep/.gradle/caches/modules-2/files-2.1/org.jetbrains.kotlin/kotlin-compiler-embeddable/1.3.0/6e8167f9aab0f6cfec309c2722f72dc26572a782/kotlin-compiler-embeddable-1.3.0.jar
7ff9441f2000-7ff9441f3000 ---p 00000000 00:00 0 
7ff9441f3000-7ff9442f3000 rw-p 00000000 00:00 0 
7ff9442f3000-7ff9442f6000 ---p 00000000 00:00 0 
7ff9442f6000-7ff9443f4000 rw-p 00000000 00:00 0 
7ff9443f4000-7ff9443f5000 ---p 00000000 00:00 0 
7ff9443f5000-7ff9443f8000 ---p 00000000 00:00 0 
7ff9443f8000-7ff9444f5000 rw-p 00000000 00:00 0 
7ff9444f5000-7ff9444f6000 ---p 00000000 00:00 0 
7ff9444f6000-7ff9444f9000 ---p 00000000 00:00 0 
7ff9444f9000-7ff9445f6000 rw-p 00000000 00:00 0 
7ff9445f6000-7ff9445f7000 ---p 00000000 00:00 0 
7ff9445f7000-7ff9445fa000 ---p 00000000 00:00 0 
7ff9445fa000-7ff9446f7000 rw-p 00000000 00:00 0 
7ff9446f7000-7ff9446fa000 ---p 00000000 00:00 0 
7ff9446fa000-7ff9447f8000 rw-p 00000000 00:00 0 
7ff9447f8000-7ff9447fb000 ---p 00000000 00:00 0 
7ff9447fb000-7ff9448f9000 rw-p 00000000 00:00 0 
7ff9448f9000-7ff9448fc000 ---p 00000000 00:00 0 
7ff9448fc000-7ff9449fa000 rw-p 00000000 00:00 0 
7ff9449fa000-7ff9449fb000 ---p 00000000 00:00 0 
7ff9449fb000-7ff949000000 rw-p 00000000 00:00 0 
7ff949000000-7ff94da20000 rwxp 00000000 00:00 0 
7ff94da20000-7ff958000000 ---p 00000000 00:00 0 
7ff958000000-7ff958411000 rw-p 00000000 00:00 0 
7ff958411000-7ff95c000000 ---p 00000000 00:00 0 
7ff95c000000-7ff95c001000 r--s 00000000 08:01 9965277                    /home/amandeep/.gradle/caches/modules-2/files-2.1/com.parse.bolts/bolts-android/1.4.0/cc174c559b5177982887bf6e1b76003aebad9516/bolts-android-1.4.0.jar
7ff95c001000-7ff95c002000 r--s 00003000 08:01 9964307                    /home/amandeep/.gradle/caches/modules-2/files-2.1/androidx.databinding/databinding-common/3.3.2/c3d3a2bd4075de662778b79f7bcf480ca1d4e0d9/databinding-common-3.3.2.jar
7ff95c002000-7ff95c009000 r--s 0001e000 08:01 9966035                    /home/amandeep/.gradle/caches/modules-2/files-2.1/org.jetbrains.kotlin/kotlin-stdlib-common/1.3.0/84a2e0288dc17cd64d692eb1e5e0de8cd5ff0846/kotlin-stdlib-common-1.3.0.jar
7ff95c009000-7ff95cae5000 rw-p 00000000 00:00 0 
7ff95cae5000-7ff95ccb6000 r--s 03c8a000 08:01 8129019                    /home/amandeep/android-studio/jre/jre/lib/rt.jar
7ff95ccb6000-7ff95d587000 rw-p 00000000 00:00 0 
7ff95d587000-7ff95d987000 rw-p 00000000 00:00 0 
7ff95d987000-7ff95d988000 ---p 00000000 00:00 0 
7ff95d988000-7ff95da88000 rw-p 00000000 00:00 0 
7ff95da88000-7ff95da89000 ---p 00000000 00:00 0 
7ff95da89000-7ff95db89000 rw-p 00000000 00:00 0 
7ff95db89000-7ff95db8a000 ---p 00000000 00:00 0 
7ff95db8a000-7ff95dc8a000 rw-p 00000000 00:00 0 
7ff95dc8a000-7ff95dc8b000 ---p 00000000 00:00 0 
7ff95dc8b000-7ff95de56000 rw-p 00000000 00:00 0 
7ff95de56000-7ff95e036000 ---p 00000000 00:00 0 
7ff95e036000-7ff95e101000 rw-p 00000000 00:00 0 
7ff95e101000-7ff95e2e0000 ---p 00000000 00:00 0 
7ff95e2e0000-7ff95e436000 rw-p 00000000 00:00 0 
7ff95e436000-7ff95e560000 rw-p 00000000 00:00 0 
7ff95e560000-7ff95e7f7000 ---p 00000000 00:00 0 
7ff95e7f7000-7ff95e802000 r-xp 00000000 08:01 1053434                    /lib/x86_64-linux-gnu/libnss_files-2.27.so
7ff95e802000-7ff95ea01000 ---p 0000b000 08:01 1053434                    /lib/x86_64-linux-gnu/libnss_files-2.27.so
7ff95ea01000-7ff95ea02000 r--p 0000a000 08:01 1053434                    /lib/x86_64-linux-gnu/libnss_files-2.27.so
7ff95ea02000-7ff95ea03000 rw-p 0000b000 08:01 1053434                    /lib/x86_64-linux-gnu/libnss_files-2.27.so
7ff95ea03000-7ff95ea09000 rw-p 00000000 00:00 0 
7ff95ea09000-7ff95ea20000 r-xp 00000000 08:01 1053428                    /lib/x86_64-linux-gnu/libnsl-2.27.so
7ff95ea20000-7ff95ec1f000 ---p 00017000 08:01 1053428                    /lib/x86_64-linux-gnu/libnsl-2.27.so
7ff95ec1f000-7ff95ec20000 r--p 00016000 08:01 1053428                    /lib/x86_64-linux-gnu/libnsl-2.27.so
7ff95ec20000-7ff95ec21000 rw-p 00017000 08:01 1053428                    /lib/x86_64-linux-gnu/libnsl-2.27.so
7ff95ec21000-7ff95ec23000 rw-p 00000000 00:00 0 
7ff95ec23000-7ff95ec2e000 r-xp 00000000 08:01 1053445                    /lib/x86_64-linux-gnu/libnss_nis-2.27.so
7ff95ec2e000-7ff95ee2d000 ---p 0000b000 08:01 1053445                    /lib/x86_64-linux-gnu/libnss_nis-2.27.so
7ff95ee2d000-7ff95ee2e000 r--p 0000a000 08:01 1053445                    /lib/x86_64-linux-gnu/libnss_nis-2.27.so
7ff95ee2e000-7ff95ee2f000 rw-p 0000b000 08:01 1053445                    /lib/x86_64-linux-gnu/libnss_nis-2.27.so
7ff95ee2f000-7ff95ee37000 r-xp 00000000 08:01 1053430                    /lib/x86_64-linux-gnu/libnss_compat-2.27.so
7ff95ee37000-7ff95f037000 ---p 00008000 08:01 1053430                    /lib/x86_64-linux-gnu/libnss_compat-2.27.so
7ff95f037000-7ff95f038000 r--p 00008000 08:01 1053430                    /lib/x86_64-linux-gnu/libnss_compat-2.27.so
7ff95f038000-7ff95f039000 rw-p 00009000 08:01 1053430                    /lib/x86_64-linux-gnu/libnss_compat-2.27.so
7ff95f039000-7ff95f040000 r-xp 00000000 08:01 1053485                    /lib/x86_64-linux-gnu/librt-2.27.so
7ff95f040000-7ff95f23f000 ---p 00007000 08:01 1053485                    /lib/x86_64-linux-gnu/librt-2.27.so
7ff95f23f000-7ff95f240000 r--p 00006000 08:01 1053485                    /lib/x86_64-linux-gnu/librt-2.27.so
7ff95f240000-7ff95f241000 rw-p 00007000 08:01 1053485                    /lib/x86_64-linux-gnu/librt-2.27.so
7ff95f241000-7ff95fe59000 r-xp 00000000 08:01 8129029                    /home/amandeep/android-studio/jre/jre/lib/amd64/server/libjvm.so
7ff95fe59000-7ff95ff28000 rw-p 00c18000 08:01 8129029                    /home/amandeep/android-studio/jre/jre/lib/amd64/server/libjvm.so
7ff95ff28000-7ff95ff6d000 rw-p 00000000 00:00 0 
7ff95ff6d000-7ff95ff84000 r-xp 00000000 08:01 1048658                    /lib/x86_64-linux-gnu/libgcc_s.so.1
7ff95ff84000-7ff960183000 ---p 00017000 08:01 1048658                    /lib/x86_64-linux-gnu/libgcc_s.so.1
7ff960183000-7ff960184000 r--p 00016000 08:01 1048658                    /lib/x86_64-linux-gnu/libgcc_s.so.1
7ff960184000-7ff960185000 rw-p 00017000 08:01 1048658                    /lib/x86_64-linux-gnu/libgcc_s.so.1
7ff960185000-7ff960322000 r-xp 00000000 08:01 1053407                    /lib/x86_64-linux-gnu/libm-2.27.so
7ff960322000-7ff960521000 ---p 0019d000 08:01 1053407                    /lib/x86_64-linux-gnu/libm-2.27.so
7ff960521000-7ff960522000 r--p 0019c000 08:01 1053407                    /lib/x86_64-linux-gnu/libm-2.27.so
7ff960522000-7ff960523000 rw-p 0019d000 08:01 1053407                    /lib/x86_64-linux-gnu/libm-2.27.so
7ff960523000-7ff96070a000 r-xp 00000000 08:01 1053344                    /lib/x86_64-linux-gnu/libc-2.27.so
7ff96070a000-7ff96090a000 ---p 001e7000 08:01 1053344                    /lib/x86_64-linux-gnu/libc-2.27.so
7ff96090a000-7ff96090e000 r--p 001e7000 08:01 1053344                    /lib/x86_64-linux-gnu/libc-2.27.so
7ff96090e000-7ff960910000 rw-p 001eb000 08:01 1053344                    /lib/x86_64-linux-gnu/libc-2.27.so
7ff960910000-7ff960914000 rw-p 00000000 00:00 0 
7ff960914000-7ff960917000 r-xp 00000000 08:01 1053367                    /lib/x86_64-linux-gnu/libdl-2.27.so
7ff960917000-7ff960b16000 ---p 00003000 08:01 1053367                    /lib/x86_64-linux-gnu/libdl-2.27.so
7ff960b16000-7ff960b17000 r--p 00002000 08:01 1053367                    /lib/x86_64-linux-gnu/libdl-2.27.so
7ff960b17000-7ff960b18000 rw-p 00003000 08:01 1053367                    /lib/x86_64-linux-gnu/libdl-2.27.so
7ff960b18000-7ff960b32000 r-xp 00000000 08:01 1053477                    /lib/x86_64-linux-gnu/libpthread-2.27.so
7ff960b32000-7ff960d31000 ---p 0001a000 08:01 1053477                    /lib/x86_64-linux-gnu/libpthread-2.27.so
7ff960d31000-7ff960d32000 r--p 00019000 08:01 1053477                    /lib/x86_64-linux-gnu/libpthread-2.27.so
7ff960d32000-7ff960d33000 rw-p 0001a000 08:01 1053477                    /lib/x86_64-linux-gnu/libpthread-2.27.so
7ff960d33000-7ff960d37000 rw-p 00000000 00:00 0 
7ff960d37000-7ff960eb0000 r-xp 00000000 08:01 9308806                    /usr/lib/x86_64-linux-gnu/libstdc++.so.6.0.25
7ff960eb0000-7ff9610b0000 ---p 00179000 08:01 9308806                    /usr/lib/x86_64-linux-gnu/libstdc++.so.6.0.25
7ff9610b0000-7ff9610ba000 r--p 00179000 08:01 9308806                    /usr/lib/x86_64-linux-gnu/libstdc++.so.6.0.25
7ff9610ba000-7ff9610bc000 rw-p 00183000 08:01 9308806                    /usr/lib/x86_64-linux-gnu/libstdc++.so.6.0.25
7ff9610bc000-7ff9610c0000 rw-p 00000000 00:00 0 
7ff9610c0000-7ff9610e7000 r-xp 00000000 08:01 1053316                    /lib/x86_64-linux-gnu/ld-2.27.so
7ff9610e7000-7ff9610e9000 r--s 0000d000 08:01 9965379                    /home/amandeep/.gradle/caches/modules-2/files-2.1/com.jakewharton/butterknife-compiler/8.7.0/ab10fed14d794bbe0cd5b59043e8ed634ebb14e2/butterknife-compiler-8.7.0.jar
7ff9610e9000-7ff9610ea000 r--s 00000000 08:01 9966031                    /home/amandeep/.gradle/caches/modules-2/files-2.1/org.jetbrains.kotlin/kotlin-stdlib-jdk7/1.3.0/683e04a4e7f17437d7e1390480f312e122e42e9e/kotlin-stdlib-jdk7-1.3.0.jar
7ff9610ea000-7ff9610f2000 r-xp 00000000 08:01 8129023                    /home/amandeep/android-studio/jre/jre/lib/amd64/libmanagement.so
7ff9610f2000-7ff9610f3000 rw-p 00007000 08:01 8129023                    /home/amandeep/android-studio/jre/jre/lib/amd64/libmanagement.so
7ff9610f3000-7ff961164000 rw-p 00000000 00:00 0 
7ff961164000-7ff96117e000 r-xp 00000000 08:01 8129055                    /home/amandeep/android-studio/jre/jre/lib/amd64/libzip.so
7ff96117e000-7ff96117f000 rw-p 00019000 08:01 8129055                    /home/amandeep/android-studio/jre/jre/lib/amd64/libzip.so
7ff96117f000-7ff961187000 rw-s 00000000 08:01 9965585                    /tmp/hsperfdata_amandeep/3985
7ff961187000-7ff9611b2000 r-xp 00000000 08:01 8129054                    /home/amandeep/android-studio/jre/jre/lib/amd64/libjava.so
7ff9611b2000-7ff9611b4000 rw-p 0002b000 08:01 8129054                    /home/amandeep/android-studio/jre/jre/lib/amd64/libjava.so
7ff9611b4000-7ff9611b5000 ---p 00000000 00:00 0 
7ff9611b5000-7ff9611b8000 ---p 00000000 00:00 0 
7ff9611b8000-7ff9612ba000 rw-p 00000000 00:00 0 
7ff9612ba000-7ff9612cf000 r-xp 00000000 08:01 8129058                    /home/amandeep/android-studio/jre/jre/lib/amd64/jli/libjli.so
7ff9612cf000-7ff9612d0000 rw-p 00015000 08:01 8129058                    /home/amandeep/android-studio/jre/jre/lib/amd64/jli/libjli.so
7ff9612d0000-7ff9612d2000 r--s 00003000 08:01 9964341                    /home/amandeep/.gradle/caches/modules-2/files-2.1/org.jetbrains/annotations/13.0/919f0dfe192fb4e063e7dacadee7f8bb9a2672a9/annotations-13.0.jar
7ff9612d2000-7ff9612d4000 r--s 00009000 08:01 9965988                    /home/amandeep/.gradle/caches/modules-2/files-2.1/org.jetbrains.kotlin/kotlin-script-runtime/1.3.0/c7173ea6208fa189fb56d679624fbc5e2026187f/kotlin-script-runtime-1.3.0.jar
7ff9612d4000-7ff9612d5000 rw-p 00000000 00:00 0 
7ff9612d5000-7ff9612d6000 ---p 00000000 00:00 0 
7ff9612d6000-7ff9612e3000 r-xp 00000000 08:01 8129036                    /home/amandeep/android-studio/jre/jre/lib/amd64/libverify.so
7ff9612e3000-7ff9612e5000 rw-p 0000c000 08:01 8129036                    /home/amandeep/android-studio/jre/jre/lib/amd64/libverify.so
7ff9612e5000-7ff9612e7000 rw-p 00000000 00:00 0 
7ff9612e7000-7ff9612e8000 r--p 00027000 08:01 1053316                    /lib/x86_64-linux-gnu/ld-2.27.so
7ff9612e8000-7ff9612e9000 rw-p 00028000 08:01 1053316                    /lib/x86_64-linux-gnu/ld-2.27.so
7ff9612e9000-7ff9612ea000 rw-p 00000000 00:00 0 
7ffe2b00c000-7ffe2b02e000 rw-p 00000000 00:00 0                          [stack]
7ffe2b03c000-7ffe2b03f000 r--p 00000000 00:00 0                          [vvar]
7ffe2b03f000-7ffe2b041000 r-xp 00000000 00:00 0                          [vdso]
ffffffffff600000-ffffffffff601000 r-xp 00000000 00:00 0                  [vsyscall]

VM Arguments:
jvm_args: -Djava.awt.headless=true -Djava.rmi.server.hostname=127.0.0.1 -Xmx2048m -XX:MaxPermSize=2048m -Dkotlin.environment.keepalive 
java_command: org.jetbrains.kotlin.daemon.KotlinCompileDaemon --daemon-runFilesPath /home/amandeep/.local/share/kotlin/daemon --daemon-autoshutdownIdleSeconds=7200 --daemon-compilerClasspath /home/amandeep/.gradle/caches/modules-2/files-2.1/org.jetbrains.kotlin/kotlin-compiler-embeddable/1.3.0/6e8167f9aab0f6cfec309c2722f72dc26572a782/kotlin-compiler-embeddable-1.3.0.jar:/home/amandeep/.gradle/caches/modules-2/files-2.1/org.jetbrains.kotlin/kotlin-reflect/1.3.0/6fd129fd9ba8581f2cb9c58bfd431dda4ee0457e/kotlin-reflect-1.3.0.jar:/home/amandeep/.gradle/caches/modules-2/files-2.1/org.jetbrains.kotlin/kotlin-stdlib/1.3.0/a134b0cfe9bb44f98b0b3e889cda07923eea9428/kotlin-stdlib-1.3.0.jar:/home/amandeep/.gradle/caches/modules-2/files-2.1/org.jetbrains.kotlin/kotlin-script-runtime/1.3.0/c7173ea6208fa189fb56d679624fbc5e2026187f/kotlin-script-runtime-1.3.0.jar:/home/amandeep/.gradle/caches/modules-2/files-2.1/org.jetbrains.kotlin/kotlin-stdlib-common/1.3.0/84a2e0288dc17cd64d692eb1e5e0de8cd5ff0846/kotlin-stdlib-common-1.3.0.jar:/home/amandeep/.gradle/caches/modules-2/files-2.1/org.jetbrains/annotations/13.0/919f0dfe192fb4e063e7dacadee7f8bb9a2672a9/annotations-13.0.jar:/home/amandeep/android-studio/jre/lib/tools.jar
java_class_path (initial): /home/amandeep/.gradle/caches/modules-2/files-2.1/org.jetbrains.kotlin/kotlin-compiler-embeddable/1.3.0/6e8167f9aab0f6cfec309c2722f72dc26572a782/kotlin-compiler-embeddable-1.3.0.jar:/home/amandeep/.gradle/caches/modules-2/files-2.1/org.jetbrains.kotlin/kotlin-reflect/1.3.0/6fd129fd9ba8581f2cb9c58bfd431dda4ee0457e/kotlin-reflect-1.3.0.jar:/home/amandeep/.gradle/caches/modules-2/files-2.1/org.jetbrains.kotlin/kotlin-stdlib/1.3.0/a134b0cfe9bb44f98b0b3e889cda07923eea9428/kotlin-stdlib-1.3.0.jar:/home/amandeep/.gradle/caches/modules-2/files-2.1/org.jetbrains.kotlin/kotlin-script-runtime/1.3.0/c7173ea6208fa189fb56d679624fbc5e2026187f/kotlin-script-runtime-1.3.0.jar:/home/amandeep/.gradle/caches/modules-2/files-2.1/org.jetbrains.kotlin/kotlin-stdlib-common/1.3.0/84a2e0288dc17cd64d692eb1e5e0de8cd5ff0846/kotlin-stdlib-common-1.3.0.jar:/home/amandeep/.gradle/caches/modules-2/files-2.1/org.jetbrains/annotations/13.0/919f0dfe192fb4e063e7dacadee7f8bb9a2672a9/annotations-13.0.jar:/home/amandeep/android-studio/jre/lib/tools.jar
Launcher Type: SUN_STANDARD

Environment Variables:
PATH=/usr/local/sbin:/usr/local/bin:/usr/sbin:/usr/bin:/sbin:/bin:/usr/games:/usr/local/games:/snap/bin
USERNAME=amandeep
LD_PRELOAD=/usr/lib/x86_64-linux-gnu/libstdc++.so.6
SHELL=/bin/bash
DISPLAY=:0

Signal Handlers:
SIGSEGV: [libjvm.so+0xa00760], sa_mask[0]=11111111011111111101111111111110, sa_flags=SA_RESTART|SA_SIGINFO
SIGBUS: [libjvm.so+0xa00760], sa_mask[0]=11111111011111111101111111111110, sa_flags=SA_RESTART|SA_SIGINFO
SIGFPE: [libjvm.so+0x863090], sa_mask[0]=11111111011111111101111111111110, sa_flags=SA_RESTART|SA_SIGINFO
SIGPIPE: [libjvm.so+0x863090], sa_mask[0]=11111111011111111101111111111110, sa_flags=SA_RESTART|SA_SIGINFO
SIGXFSZ: [libjvm.so+0x863090], sa_mask[0]=11111111011111111101111111111110, sa_flags=SA_RESTART|SA_SIGINFO
SIGILL: [libjvm.so+0x863090], sa_mask[0]=11111111011111111101111111111110, sa_flags=SA_RESTART|SA_SIGINFO
SIGUSR1: SIG_DFL, sa_mask[0]=00000000000000000000000000000000, sa_flags=none
SIGUSR2: [libjvm.so+0x862f60], sa_mask[0]=00100000000000000000000000000000, sa_flags=SA_RESTART|SA_SIGINFO
SIGHUP: SIG_IGN, sa_mask[0]=00000000000000000000000000000000, sa_flags=none
SIGINT: [libjvm.so+0x863150], sa_mask[0]=11111111011111111101111111111110, sa_flags=SA_RESTART|SA_SIGINFO
SIGTERM: [libjvm.so+0x863150], sa_mask[0]=11111111011111111101111111111110, sa_flags=SA_RESTART|SA_SIGINFO
SIGQUIT: [libjvm.so+0x863150], sa_mask[0]=11111111011111111101111111111110, sa_flags=SA_RESTART|SA_SIGINFO


---------------  S Y S T E M  ---------------

OS:DISTRIB_ID=Ubuntu
DISTRIB_RELEASE=18.04
DISTRIB_CODENAME=bionic
DISTRIB_DESCRIPTION="Ubuntu 18.04.2 LTS"

uname:Linux 4.15.0-29-generic #31-Ubuntu SMP Tue Jul 17 15:39:52 UTC 2018 x86_64
libc:glibc 2.27 NPTL 2.27 
rlimit: STACK 8192k, CORE 0k, NPROC 30439, NOFILE 4096, AS infinity
load average:6.85 4.31 2.59

/proc/meminfo:
MemTotal:        7851472 kB
MemFree:          131792 kB
MemAvailable:      84732 kB
Buffers:            7184 kB
Cached:           282560 kB
SwapCached:        30252 kB
Active:          6422416 kB
Inactive:         998216 kB
Active(anon):    6376840 kB
Inactive(anon):   938872 kB
Active(file):      45576 kB
Inactive(file):    59344 kB
Unevictable:          48 kB
Mlocked:              48 kB
SwapTotal:       2097148 kB
SwapFree:          52632 kB
Dirty:                76 kB
Writeback:             0 kB
AnonPages:       7102048 kB
Mapped:           119976 kB
Shmem:            184388 kB
Slab:             133152 kB
SReclaimable:      70724 kB
SUnreclaim:        62428 kB
KernelStack:       13936 kB
PageTables:        71416 kB
NFS_Unstable:          0 kB
Bounce:                0 kB
WritebackTmp:          0 kB
CommitLimit:     6022884 kB
Committed_AS:   12979976 kB
VmallocTotal:   34359738367 kB
VmallocUsed:           0 kB
VmallocChunk:          0 kB
HardwareCorrupted:     0 kB
AnonHugePages:         0 kB
ShmemHugePages:        0 kB
ShmemPmdMapped:        0 kB
CmaTotal:              0 kB
CmaFree:               0 kB
HugePages_Total:       0
HugePages_Free:        0
HugePages_Rsvd:        0
HugePages_Surp:        0
Hugepagesize:       2048 kB
DirectMap4k:      257112 kB
DirectMap2M:     7811072 kB
DirectMap1G:     1048576 kB


CPU:total 4 (initial active 4) (2 cores per cpu, 2 threads per core) family 6 model 69 stepping 1, cmov, cx8, fxsr, mmx, sse, sse2, sse3, ssse3, sse4.1, sse4.2, popcnt, avx, avx2, aes, clmul, erms, lzcnt, ht, tsc, tscinvbit, bmi1, bmi2

/proc/cpuinfo:
processor	: 0
vendor_id	: GenuineIntel
cpu family	: 6
model		: 69
model name	: Intel(R) Core(TM) i5-4300U CPU @ 1.90GHz
stepping	: 1
microcode	: 0x23
cpu MHz		: 2459.102
cache size	: 3072 KB
physical id	: 0
siblings	: 4
core id		: 0
cpu cores	: 2
apicid		: 0
initial apicid	: 0
fpu		: yes
fpu_exception	: yes
cpuid level	: 13
wp		: yes
flags		: fpu vme de pse tsc msr pae mce cx8 apic sep mtrr pge mca cmov pat pse36 clflush dts acpi mmx fxsr sse sse2 ss ht tm pbe syscall nx pdpe1gb rdtscp lm constant_tsc arch_perfmon pebs bts rep_good nopl xtopology nonstop_tsc cpuid aperfmperf pni pclmulqdq dtes64 monitor ds_cpl vmx smx est tm2 ssse3 sdbg fma cx16 xtpr pdcm pcid sse4_1 sse4_2 x2apic movbe popcnt tsc_deadline_timer aes xsave avx f16c rdrand lahf_lm abm cpuid_fault epb invpcid_single pti ibrs ibpb stibp tpr_shadow vnmi flexpriority ept vpid fsgsbase tsc_adjust bmi1 avx2 smep bmi2 erms invpcid xsaveopt dtherm ida arat pln pts
bugs		: cpu_meltdown spectre_v1 spectre_v2 spec_store_bypass
bogomips	: 4988.53
clflush size	: 64
cache_alignment	: 64
address sizes	: 39 bits physical, 48 bits virtual
power management:

processor	: 1
vendor_id	: GenuineIntel
cpu family	: 6
model		: 69
model name	: Intel(R) Core(TM) i5-4300U CPU @ 1.90GHz
stepping	: 1
microcode	: 0x23
cpu MHz		: 2472.388
cache size	: 3072 KB
physical id	: 0
siblings	: 4
core id		: 0
cpu cores	: 5
apicid		: 1
initial apicid	: 1
fpu		: yes
fpu_exception	: yes
cpuid level	: 13
wp		: yes
flags		: fpu vme de pse tsc msr pae mce cx8 apic sep mtrr pge mca cmov pat pse36 clflush dts acpi mmx fxsr sse sse2 ss ht tm pbe syscall nx pdpe1gb rdtscp lm constant_tsc arch_perfmon pebs bts rep_good nopl xtopology nonstop_tsc cpuid aperfmperf pni pclmulqdq dtes64 monitor ds_cpl vmx smx est tm2 ssse3 sdbg fma cx16 xtpr pdcm pcid sse4_1 sse4_2 x2apic movbe popcnt tsc_deadline_timer aes xsave avx f16c rdrand lahf_lm abm cpuid_fault epb invpcid_single pti ibrs ibpb stibp tpr_shadow vnmi flexpriority ept vpid fsgsbase tsc_adjust bmi1 avx2 smep bmi2 erms invpcid xsaveopt dtherm ida arat pln pts
bugs		: cpu_meltdown spectre_v1 spectre_v2 spec_store_bypass
bogomips	: 4988.53
clflush size	: 64
cache_alignment	: 64
address sizes	: 39 bits physical, 48 bits virtual
power management:

processor	: 2
vendor_id	: GenuineIntel
cpu family	: 6
model		: 69
model name	: Intel(R) Core(TM) i5-4300U CPU @ 1.90GHz
stepping	: 1
microcode	: 0x23
cpu MHz		: 2268.378
cache size	: 3072 KB
physical id	: 0
siblings	: 4
core id		: 1
cpu cores	: 8
apicid		: 2
initial apicid	: 2
fpu		: yes
fpu_exception	: yes
cpuid level	: 13
wp		: yes
flags		: fpu vme de pse tsc msr pae mce cx8 apic sep mtrr pge mca cmov pat pse36 clflush dts acpi mmx fxsr sse sse2 ss ht tm pbe syscall nx pdpe1gb rdtscp lm constant_tsc arch_perfmon pebs bts rep_good nopl xtopology nonstop_tsc cpuid aperfmperf pni pclmulqdq dtes64 monitor ds_cpl vmx smx est tm2 ssse3 sdbg fma cx16 xtpr pdcm pcid sse4_1 sse4_2 x2apic movbe popcnt tsc_deadline_timer aes xsave avx f16c rdrand lahf_lm abm cpuid_fault epb invpcid_single pti ibrs ibpb stibp tpr_shadow vnmi flexpriority ept vpid fsgsbase tsc_adjust bmi1 avx2 smep bmi2 erms invpcid xsaveopt dtherm ida arat pln pts
bugs		: cpu_meltdown spectre_v1 spectre_v2 spec_store_bypass
bogomips	: 4988.53
clflush size	: 64
cache_alignment	: 64
address sizes	: 39 bits physical, 48 bits virtual
power management:

processor	: 3
vendor_id	: GenuineIntel
cpu family	: 6
model		: 69
model name	: Intel(R) Core(TM) i5-4300U CPU @ 1.90GHz
stepping	: 1
microcode	: 0x23
cpu MHz		: 2455.732
cache size	: 3072 KB
physical id	: 0
siblings	: 4
core id		: 1
cpu cores	: 1
apicid		: 3
initial apicid	: 3
fpu		: yes
fpu_exception	: yes
cpuid level	: 13
wp		: yes
flags		: fpu vme de pse tsc msr pae mce cx8 apic sep mtrr pge mca cmov pat pse36 clflush dts acpi mmx fxsr sse sse2 ss ht tm pbe syscall nx pdpe1gb rdtscp lm constant_tsc arch_perfmon pebs bts rep_good nopl xtopology nonstop_tsc cpuid aperfmperf pni pclmulqdq dtes64 monitor ds_cpl vmx smx est tm2 ssse3 sdbg fma cx16 xtpr pdcm pcid sse4_1 sse4_2 x2apic movbe popcnt tsc_deadline_timer aes xsave avx f16c rdrand lahf_lm abm cpuid_fault epb invpcid_single pti ibrs ibpb stibp tpr_shadow vnmi flexpriority ept vpid fsgsbase tsc_adjust bmi1 avx2 smep bmi2 erms invpcid xsaveopt dtherm ida arat pln pts
bugs		: cpu_meltdown spectre_v1 spectre_v2 spec_store_bypass
bogomips	: 4988.53
clflush size	: 64
cache_alignment	: 64
address sizes	: 39 bits physical, 48 bits virtual
power management:



Memory: 4k page, physical 7851472k(132312k free), swap 2097148k(52632k free)

vm_info: OpenJDK 64-Bit Server VM (25.152-b16-5323222) for linux-amd64 JRE (1.8.0_152-release-1343-b16-5323222), built by "android-build" with gcc 4.8

time: Wed Jul 17 17:30:55 2019
elapsed time: 9716 seconds (0d 2h 41m 56s)

